Log file open, 01/23/20 19:30:24
LogWindows: Failed to load 'aqProf.dll' (GetLastError=126)
LogWindows: File 'aqProf.dll' does not exist
LogWindows: Failed to load 'VtuneApi.dll' (GetLastError=126)
LogWindows: File 'VtuneApi.dll' does not exist
LogWindows: Failed to load 'VtuneApi32e.dll' (GetLastError=126)
LogWindows: File 'VtuneApi32e.dll' does not exist
LogConsoleResponse: Display: Failed to find resolution value strings in scalability ini. Falling back to default.
LogInit: Display: Running engine for game: NarrativeSeminar
LogPlatformFile: Not using cached read wrapper
LogTaskGraph: Started task graph with 5 named threads and 35 total threads with 3 sets of task threads.
LogStats: Stats thread started at 0.067381
LogD3D11RHI: Loaded GFSDK_Aftermath_Lib.x64.dll
LogICUInternationalization: ICU TimeZone Detection - Raw Offset: +1:00, Platform Override: ''
LogPluginManager: Mounting plugin Paper2D
LogPluginManager: Mounting plugin AISupport
LogPluginManager: Mounting plugin LightPropagationVolume
LogPluginManager: Mounting plugin ActorLayerUtilities
LogPluginManager: Mounting plugin AnimationSharing
LogPluginManager: Mounting plugin CLionSourceCodeAccess
LogPluginManager: Mounting plugin CodeLiteSourceCodeAccess
LogPluginManager: Mounting plugin GitSourceControl
LogPluginManager: Mounting plugin KDevelopSourceCodeAccess
LogPluginManager: Mounting plugin NullSourceCodeAccess
LogPluginManager: Mounting plugin PerforceSourceControl
LogPluginManager: Mounting plugin SubversionSourceControl
LogPluginManager: Mounting plugin UObjectPlugin
LogPluginManager: Mounting plugin VisualStudioCodeSourceCodeAccess
LogPluginManager: Mounting plugin VisualStudioSourceCodeAccess
LogPluginManager: Mounting plugin XCodeSourceCodeAccess
LogPluginManager: Mounting plugin AssetManagerEditor
LogPluginManager: Mounting plugin CryptoKeys
LogPluginManager: Mounting plugin CurveEditorTools
LogPluginManager: Mounting plugin DataValidation
LogPluginManager: Mounting plugin FacialAnimation
LogPluginManager: Mounting plugin GameplayTagsEditor
LogPluginManager: Mounting plugin MacGraphicsSwitching
LogPluginManager: Mounting plugin MaterialAnalyzer
LogPluginManager: Mounting plugin MobileLauncherProfileWizard
LogPluginManager: Mounting plugin PluginBrowser
LogPluginManager: Mounting plugin SpeedTreeImporter
LogPluginManager: Mounting plugin DatasmithContent
LogPluginManager: Mounting plugin VariantManagerContent
LogPluginManager: Mounting plugin AlembicImporter
LogPluginManager: Mounting plugin AutomationUtils
LogPluginManager: Mounting plugin BackChannel
LogPluginManager: Mounting plugin CharacterAI
LogPluginManager: Mounting plugin GeometryCache
LogPluginManager: Mounting plugin HTML5Networking
LogPluginManager: Mounting plugin PlatformCrypto
LogPluginManager: Mounting plugin ProxyLODPlugin
LogPluginManager: Mounting plugin SkeletalReduction
LogPluginManager: Mounting plugin MagicLeap
LogPluginManager: Mounting plugin MagicLeapMedia
LogPluginManager: Mounting plugin AndroidMedia
LogPluginManager: Mounting plugin AvfMedia
LogPluginManager: Mounting plugin ImgMedia
LogPluginManager: Mounting plugin MediaCompositing
LogPluginManager: Mounting plugin MediaPlayerEditor
LogPluginManager: Mounting plugin WebMMedia
LogPluginManager: Mounting plugin WmfMedia
LogPluginManager: Mounting plugin TcpMessaging
LogPluginManager: Mounting plugin UdpMessaging
LogPluginManager: Mounting plugin ActorSequence
LogPluginManager: Mounting plugin LevelSequenceEditor
LogPluginManager: Mounting plugin MatineeToLevelSequence
LogPluginManager: Mounting plugin NetcodeUnitTest
LogPluginManager: Mounting plugin NUTUnrealEngine4
LogPluginManager: Mounting plugin OnlineSubsystemGooglePlay
LogPluginManager: Mounting plugin OnlineSubsystemIOS
LogPluginManager: Mounting plugin OnlineSubsystem
LogPluginManager: Mounting plugin OnlineSubsystemNull
LogPluginManager: Mounting plugin OnlineSubsystemUtils
LogPluginManager: Mounting plugin LauncherChunkInstaller
LogPluginManager: Mounting plugin AndroidDeviceProfileSelector
LogPluginManager: Mounting plugin AndroidMoviePlayer
LogPluginManager: Mounting plugin AndroidPermission
LogPluginManager: Mounting plugin AppleImageUtils
LogPluginManager: Mounting plugin AppleMoviePlayer
LogPluginManager: Mounting plugin ArchVisCharacter
LogPluginManager: Mounting plugin AudioCapture
LogPluginManager: Mounting plugin CableComponent
LogPluginManager: Mounting plugin CustomMeshComponent
LogPluginManager: Mounting plugin EditableMesh
LogPluginManager: Mounting plugin ExampleDeviceProfileSelector
LogPluginManager: Mounting plugin GoogleCloudMessaging
LogPluginManager: Mounting plugin IOSDeviceProfileSelector
LogPluginManager: Mounting plugin LinuxDeviceProfileSelector
LogPluginManager: Mounting plugin LocationServicesBPLibrary
LogPluginManager: Mounting plugin MobilePatchingUtils
LogPluginManager: Mounting plugin OculusVR
LogPluginManager: Mounting plugin PhysXVehicles
LogPluginManager: Mounting plugin ProceduralMeshComponent
LogPluginManager: Mounting plugin RuntimePhysXCooking
LogPluginManager: Mounting plugin SignificanceManager
LogPluginManager: Mounting plugin WebMMoviePlayer
LogPluginManager: Mounting plugin WindowsMoviePlayer
LogPluginManager: Mounting plugin ScreenshotTools
LogInit: Using libcurl 7.55.1-DEV
LogInit:  - built for x86_64-pc-win32
LogInit:  - supports SSL with OpenSSL/1.1.1
LogInit:  - supports HTTP deflate (compression) using libz 1.2.8
LogInit:  - other features:
LogInit:      CURL_VERSION_SSL
LogInit:      CURL_VERSION_LIBZ
LogInit:      CURL_VERSION_IPV6
LogInit:      CURL_VERSION_ASYNCHDNS
LogInit:      CURL_VERSION_LARGEFILE
LogInit:      CURL_VERSION_IDN
LogInit:  CurlRequestOptions (configurable via config and command line):
LogInit:  - bVerifyPeer = true  - Libcurl will verify peer certificate
LogInit:  - bUseHttpProxy = false  - Libcurl will NOT use HTTP proxy
LogInit:  - bDontReuseConnections = false  - Libcurl will reuse connections
LogInit:  - MaxHostConnections = 16  - Libcurl will limit the number of connections to a host
LogInit:  - LocalHostAddr = Default
LogInit:  - BufferSize = 65536
LogOnline: OSS: Creating online subsystem instance for: NULL
LogInit: WinSock: version 1.1 (2.2), MaxSocks=32767, MaxUdp=65467
LogInit: Build: ++UE4+Release-4.23-CL-9631420
LogInit: Engine Version: 4.23.1-9631420+++UE4+Release-4.23
LogInit: Compatible Engine Version: 4.23.0-8386587+++UE4+Release-4.23
LogInit: Net CL: 8386587
LogInit: OS: Windows 10 (Release 1903) (), CPU: Intel(R) Core(TM) i7-8750H CPU @ 2.20GHz, GPU: Intel(R) UHD Graphics 630
LogInit: Compiled (64-bit): Oct 18 2019 02:07:44
LogInit: Compiled with Visual C++: 19.16.27030.01
LogInit: Build Configuration: Development
LogInit: Branch Name: ++UE4+Release-4.23
LogInit: Command Line:  -EpicPortal -epicusername=Asbakje -epicuserid=64ddc295b5474e028217748ef342bf8c -epiclocale=en-GB
LogInit: Base Directory: D:/Programs/UE4/UE_4.23/Engine/Binaries/Win64/
LogInit: Installed Engine Build: 1
LogDevObjectVersion: Number of dev versions registered: 23
LogDevObjectVersion:   Dev-Blueprints (B0D832E4-1F89-4F0D-ACCF-7EB736FD4AA2): 10
LogDevObjectVersion:   Dev-Build (E1C64328-A22C-4D53-A36C-8E866417BD8C): 0
LogDevObjectVersion:   Dev-Core (375EC13C-06E4-48FB-B500-84F0262A717E): 3
LogDevObjectVersion:   Dev-Editor (E4B068ED-F494-42E9-A231-DA0B2E46BB41): 34
LogDevObjectVersion:   Dev-Framework (CFFC743F-43B0-4480-9391-14DF171D2073): 35
LogDevObjectVersion:   Dev-Mobile (B02B49B5-BB20-44E9-A304-32B752E40360): 2
LogDevObjectVersion:   Dev-Networking (A4E4105C-59A1-49B5-A7C5-40C4547EDFEE): 0
LogDevObjectVersion:   Dev-Online (39C831C9-5AE6-47DC-9A44-9C173E1C8E7C): 0
LogDevObjectVersion:   Dev-Physics (78F01B33-EBEA-4F98-B9B4-84EACCB95AA2): 0
LogDevObjectVersion:   Dev-Platform (6631380F-2D4D-43E0-8009-CF276956A95A): 0
LogDevObjectVersion:   Dev-Rendering (12F88B9F-8875-4AFC-A67C-D90C383ABD29): 31
LogDevObjectVersion:   Dev-Sequencer (7B5AE74C-D270-4C10-A958-57980B212A5A): 11
LogDevObjectVersion:   Dev-VR (D7296918-1DD6-4BDD-9DE2-64A83CC13884): 2
LogDevObjectVersion:   Dev-LoadTimes (C2A15278-BFE7-4AFE-6C17-90FF531DF755): 1
LogDevObjectVersion:   Private-Geometry (6EACA3D4-40EC-4CC1-B786-8BED09428FC5): 3
LogDevObjectVersion:   Dev-AnimPhys (29E575DD-E0A3-4627-9D10-D276232CDCEA): 17
LogDevObjectVersion:   Dev-Anim (AF43A65D-7FD3-4947-9873-3E8ED9C1BB05): 2
LogDevObjectVersion:   Dev-ReflectionCapture (6B266CEC-1EC7-4B8F-A30B-E4D90942FC07): 1
LogDevObjectVersion:   Dev-Automation (0DF73D61-A23F-47EA-B727-89E90C41499A): 1
LogDevObjectVersion:   FortniteMain (601D1886-AC64-4F84-AA16-D3DE0DEAC7D6): 27
LogDevObjectVersion:   Dev-Enterprise (9DFFBCD6-494F-0158-E221-12823C92A888): 6
LogDevObjectVersion:   Dev-Niagara (F2AED0AC-9AFE-416F-8664-AA7FFA26D6FC): 1
LogDevObjectVersion:   Dev-Destruction (174F1F0B-B4C6-45A5-B13F-2EE8D0FB917D): 9
LogInit: Presizing for max 16777216 objects, including 0 objects not considered by GC, pre-allocating 0 bytes for permanent pool.
LogInit: Object subsystem initialized
LogConfig: Setting CVar [[con.DebugEarlyDefault:1]]
LogConfig: Setting CVar [[r.setres:1280x720]]
[2020.01.23-18.30.25:100][  0]LogConfig: Setting CVar [[r.VSync:0]]
[2020.01.23-18.30.25:100][  0]LogConfig: Setting CVar [[r.RHICmdBypass:0]]
[2020.01.23-18.30.25:100][  0]LogConfig: Applying CVar settings from Section [/Script/Engine.RendererSettings] File [D:/Documenten/HKU Jaar 2/NarrativeSeminar_Git/NarrativeSeminar/Saved/Config/Windows/Engine.ini]
[2020.01.23-18.30.25:100][  0]LogConfig: Setting CVar [[r.GPUCrashDebugging:0]]
[2020.01.23-18.30.25:100][  0]LogConfig: Applying CVar settings from Section [/Script/Engine.RendererOverrideSettings] File [D:/Documenten/HKU Jaar 2/NarrativeSeminar_Git/NarrativeSeminar/Saved/Config/Windows/Engine.ini]
[2020.01.23-18.30.25:100][  0]LogConfig: Applying CVar settings from Section [/Script/Engine.StreamingSettings] File [D:/Documenten/HKU Jaar 2/NarrativeSeminar_Git/NarrativeSeminar/Saved/Config/Windows/Engine.ini]
[2020.01.23-18.30.25:100][  0]LogConfig: Setting CVar [[s.MinBulkDataSizeForAsyncLoading:131072]]
[2020.01.23-18.30.25:100][  0]LogConfig: Setting CVar [[s.AsyncLoadingThreadEnabled:0]]
[2020.01.23-18.30.25:100][  0]LogConfig: Setting CVar [[s.EventDrivenLoaderEnabled:1]]
[2020.01.23-18.30.25:100][  0]LogConfig: Setting CVar [[s.WarnIfTimeLimitExceeded:0]]
[2020.01.23-18.30.25:100][  0]LogConfig: Setting CVar [[s.TimeLimitExceededMultiplier:1.5]]
[2020.01.23-18.30.25:100][  0]LogConfig: Setting CVar [[s.TimeLimitExceededMinTime:0.005]]
[2020.01.23-18.30.25:100][  0]LogConfig: Setting CVar [[s.UseBackgroundLevelStreaming:1]]
[2020.01.23-18.30.25:100][  0]LogConfig: Setting CVar [[s.PriorityAsyncLoadingExtraTime:15.0]]
[2020.01.23-18.30.25:100][  0]LogConfig: Setting CVar [[s.LevelStreamingActorsUpdateTimeLimit:5.0]]
[2020.01.23-18.30.25:100][  0]LogConfig: Setting CVar [[s.PriorityLevelStreamingActorsUpdateExtraTime:5.0]]
[2020.01.23-18.30.25:100][  0]LogConfig: Setting CVar [[s.LevelStreamingComponentsRegistrationGranularity:10]]
[2020.01.23-18.30.25:101][  0]LogConfig: Setting CVar [[s.UnregisterComponentsTimeLimit:1.0]]
[2020.01.23-18.30.25:101][  0]LogConfig: Setting CVar [[s.LevelStreamingComponentsUnregistrationGranularity:5]]
[2020.01.23-18.30.25:101][  0]LogConfig: Applying CVar settings from Section [/Script/Engine.GarbageCollectionSettings] File [D:/Documenten/HKU Jaar 2/NarrativeSeminar_Git/NarrativeSeminar/Saved/Config/Windows/Engine.ini]
[2020.01.23-18.30.25:101][  0]LogConfig: Setting CVar [[gc.MaxObjectsNotConsideredByGC:1]]
[2020.01.23-18.30.25:101][  0]LogConfig: Setting CVar [[gc.SizeOfPermanentObjectPool:0]]
[2020.01.23-18.30.25:101][  0]LogConfig: Setting CVar [[gc.FlushStreamingOnGC:0]]
[2020.01.23-18.30.25:101][  0]LogConfig: Setting CVar [[gc.NumRetriesBeforeForcingGC:10]]
[2020.01.23-18.30.25:101][  0]LogConfig: Setting CVar [[gc.AllowParallelGC:1]]
[2020.01.23-18.30.25:101][  0]LogConfig: Setting CVar [[gc.TimeBetweenPurgingPendingKillObjects:61.1]]
[2020.01.23-18.30.25:101][  0]LogConfig: Setting CVar [[gc.MaxObjectsInEditor:16777216]]
[2020.01.23-18.30.25:101][  0]LogConfig: Setting CVar [[gc.IncrementalBeginDestroyEnabled:1]]
[2020.01.23-18.30.25:101][  0]LogConfig: Setting CVar [[gc.CreateGCClusters:1]]
[2020.01.23-18.30.25:101][  0]LogConfig: Setting CVar [[gc.MinGCClusterSize:5]]
[2020.01.23-18.30.25:101][  0]LogConfig: Setting CVar [[gc.ActorClusteringEnabled:0]]
[2020.01.23-18.30.25:101][  0]LogConfig: Setting CVar [[gc.BlueprintClusteringEnabled:0]]
[2020.01.23-18.30.25:101][  0]LogConfig: Setting CVar [[gc.UseDisregardForGCOnDedicatedServers:0]]
[2020.01.23-18.30.25:101][  0]LogConfig: Applying CVar settings from Section [/Script/Engine.NetworkSettings] File [D:/Documenten/HKU Jaar 2/NarrativeSeminar_Git/NarrativeSeminar/Saved/Config/Windows/Engine.ini]
[2020.01.23-18.30.25:101][  0]LogConfig: Applying CVar settings from Section [/Script/UnrealEd.CookerSettings] File [D:/Documenten/HKU Jaar 2/NarrativeSeminar_Git/NarrativeSeminar/Saved/Config/Windows/Engine.ini]
[2020.01.23-18.30.25:104][  0]LogConfig: Applying CVar settings from Section [ViewDistanceQuality@3] File [D:/Documenten/HKU Jaar 2/NarrativeSeminar_Git/NarrativeSeminar/Saved/Config/Windows/Scalability.ini]
[2020.01.23-18.30.25:104][  0]LogConfig: Setting CVar [[r.SkeletalMeshLODBias:0]]
[2020.01.23-18.30.25:104][  0]LogConfig: Setting CVar [[r.ViewDistanceScale:1.0]]
[2020.01.23-18.30.25:104][  0]LogConfig: Applying CVar settings from Section [AntiAliasingQuality@3] File [D:/Documenten/HKU Jaar 2/NarrativeSeminar_Git/NarrativeSeminar/Saved/Config/Windows/Scalability.ini]
[2020.01.23-18.30.25:104][  0]LogConfig: Setting CVar [[r.PostProcessAAQuality:4]]
[2020.01.23-18.30.25:104][  0]LogConfig: Applying CVar settings from Section [ShadowQuality@3] File [D:/Documenten/HKU Jaar 2/NarrativeSeminar_Git/NarrativeSeminar/Saved/Config/Windows/Scalability.ini]
[2020.01.23-18.30.25:104][  0]LogConfig: Setting CVar [[r.LightFunctionQuality:1]]
[2020.01.23-18.30.25:104][  0]LogConfig: Setting CVar [[r.ShadowQuality:5]]
[2020.01.23-18.30.25:104][  0]LogConfig: Setting CVar [[r.Shadow.CSM.MaxCascades:10]]
[2020.01.23-18.30.25:104][  0]LogConfig: Setting CVar [[r.Shadow.MaxResolution:2048]]
[2020.01.23-18.30.25:104][  0]LogConfig: Setting CVar [[r.Shadow.MaxCSMResolution:2048]]
[2020.01.23-18.30.25:105][  0]LogConfig: Setting CVar [[r.Shadow.RadiusThreshold:0.01]]
[2020.01.23-18.30.25:105][  0]LogConfig: Setting CVar [[r.Shadow.DistanceScale:1.0]]
[2020.01.23-18.30.25:105][  0]LogConfig: Setting CVar [[r.Shadow.CSM.TransitionScale:1.0]]
[2020.01.23-18.30.25:105][  0]LogConfig: Setting CVar [[r.Shadow.PreShadowResolutionFactor:1.0]]
[2020.01.23-18.30.25:105][  0]LogConfig: Setting CVar [[r.DistanceFieldShadowing:1]]
[2020.01.23-18.30.25:105][  0]LogConfig: Setting CVar [[r.DistanceFieldAO:1]]
[2020.01.23-18.30.25:105][  0]LogConfig: Setting CVar [[r.AOQuality:2]]
[2020.01.23-18.30.25:105][  0]LogConfig: Setting CVar [[r.VolumetricFog:1]]
[2020.01.23-18.30.25:105][  0]LogConfig: Setting CVar [[r.VolumetricFog.GridPixelSize:8]]
[2020.01.23-18.30.25:105][  0]LogConfig: Setting CVar [[r.VolumetricFog.GridSizeZ:128]]
[2020.01.23-18.30.25:105][  0]LogConfig: Setting CVar [[r.VolumetricFog.HistoryMissSupersampleCount:4]]
[2020.01.23-18.30.25:105][  0]LogConfig: Setting CVar [[r.LightMaxDrawDistanceScale:1]]
[2020.01.23-18.30.25:105][  0]LogConfig: Setting CVar [[r.CapsuleShadows:1]]
[2020.01.23-18.30.25:105][  0]LogConfig: Applying CVar settings from Section [PostProcessQuality@3] File [D:/Documenten/HKU Jaar 2/NarrativeSeminar_Git/NarrativeSeminar/Saved/Config/Windows/Scalability.ini]
[2020.01.23-18.30.25:105][  0]LogConfig: Setting CVar [[r.MotionBlurQuality:4]]
[2020.01.23-18.30.25:105][  0]LogConfig: Setting CVar [[r.AmbientOcclusionMipLevelFactor:0.4]]
[2020.01.23-18.30.25:105][  0]LogConfig: Setting CVar [[r.AmbientOcclusionMaxQuality:100]]
[2020.01.23-18.30.25:105][  0]LogConfig: Setting CVar [[r.AmbientOcclusionLevels:-1]]
[2020.01.23-18.30.25:105][  0]LogConfig: Setting CVar [[r.AmbientOcclusionRadiusScale:1.0]]
[2020.01.23-18.30.25:105][  0]LogConfig: Setting CVar [[r.DepthOfFieldQuality:2]]
[2020.01.23-18.30.25:105][  0]LogConfig: Setting CVar [[r.RenderTargetPoolMin:400]]
[2020.01.23-18.30.25:105][  0]LogConfig: Setting CVar [[r.LensFlareQuality:2]]
[2020.01.23-18.30.25:105][  0]LogConfig: Setting CVar [[r.SceneColorFringeQuality:1]]
[2020.01.23-18.30.25:105][  0]LogConfig: Setting CVar [[r.EyeAdaptationQuality:2]]
[2020.01.23-18.30.25:105][  0]LogConfig: Setting CVar [[r.BloomQuality:5]]
[2020.01.23-18.30.25:105][  0]LogConfig: Setting CVar [[r.FastBlurThreshold:100]]
[2020.01.23-18.30.25:105][  0]LogConfig: Setting CVar [[r.Upscale.Quality:3]]
[2020.01.23-18.30.25:105][  0]LogConfig: Setting CVar [[r.Tonemapper.GrainQuantization:1]]
[2020.01.23-18.30.25:105][  0]LogConfig: Setting CVar [[r.LightShaftQuality:1]]
[2020.01.23-18.30.25:105][  0]LogConfig: Setting CVar [[r.Filter.SizeScale:1]]
[2020.01.23-18.30.25:105][  0]LogConfig: Setting CVar [[r.Tonemapper.Quality:5]]
[2020.01.23-18.30.25:105][  0]LogConfig: Setting CVar [[r.DOF.Gather.AccumulatorQuality:1        ; higher gathering accumulator quality]]
[2020.01.23-18.30.25:105][  0]LogConfig: Setting CVar [[r.DOF.Gather.PostfilterMethod:1          ; Median3x3 postfilering method]]
[2020.01.23-18.30.25:105][  0]LogConfig: Setting CVar [[r.DOF.Gather.EnableBokehSettings:0       ; no bokeh simulation when gathering]]
[2020.01.23-18.30.25:105][  0]LogConfig: Setting CVar [[r.DOF.Gather.RingCount:4                 ; medium number of samples when gathering]]
[2020.01.23-18.30.25:105][  0]LogConfig: Setting CVar [[r.DOF.Scatter.ForegroundCompositing:1    ; additive foreground scattering]]
[2020.01.23-18.30.25:105][  0]LogConfig: Setting CVar [[r.DOF.Scatter.BackgroundCompositing:2    ; additive background scattering]]
[2020.01.23-18.30.25:105][  0]LogConfig: Setting CVar [[r.DOF.Scatter.EnableBokehSettings:1      ; bokeh simulation when scattering]]
[2020.01.23-18.30.25:105][  0]LogConfig: Setting CVar [[r.DOF.Scatter.MaxSpriteRatio:0.1         ; only a maximum of 10% of scattered bokeh]]
[2020.01.23-18.30.25:105][  0]LogConfig: Setting CVar [[r.DOF.Recombine.Quality:1                ; cheap slight out of focus]]
[2020.01.23-18.30.25:105][  0]LogConfig: Setting CVar [[r.DOF.Recombine.EnableBokehSettings:0    ; no bokeh simulation on slight out of focus]]
[2020.01.23-18.30.25:105][  0]LogConfig: Setting CVar [[r.DOF.TemporalAAQuality:1                ; more stable temporal accumulation]]
[2020.01.23-18.30.25:105][  0]LogConfig: Setting CVar [[r.DOF.Kernel.MaxForegroundRadius:0.025]]
[2020.01.23-18.30.25:105][  0]LogConfig: Setting CVar [[r.DOF.Kernel.MaxBackgroundRadius:0.025]]
[2020.01.23-18.30.25:105][  0]LogConfig: Applying CVar settings from Section [TextureQuality@3] File [D:/Documenten/HKU Jaar 2/NarrativeSeminar_Git/NarrativeSeminar/Saved/Config/Windows/Scalability.ini]
[2020.01.23-18.30.25:105][  0]LogConfig: Setting CVar [[r.Streaming.MipBias:0]]
[2020.01.23-18.30.25:105][  0]LogConfig: Setting CVar [[r.Streaming.AmortizeCPUToGPUCopy:0]]
[2020.01.23-18.30.25:105][  0]LogConfig: Setting CVar [[r.Streaming.MaxNumTexturesToStreamPerFrame:0]]
[2020.01.23-18.30.25:105][  0]LogConfig: Setting CVar [[r.Streaming.Boost:1]]
[2020.01.23-18.30.25:105][  0]LogConfig: Setting CVar [[r.MaxAnisotropy:8]]
[2020.01.23-18.30.25:105][  0]LogConfig: Setting CVar [[r.Streaming.LimitPoolSizeToVRAM:0]]
[2020.01.23-18.30.25:105][  0]LogConfig: Setting CVar [[r.Streaming.PoolSize:1000]]
[2020.01.23-18.30.25:105][  0]LogConfig: Setting CVar [[r.Streaming.MaxEffectiveScreenSize:0]]
[2020.01.23-18.30.25:105][  0]LogConfig: Applying CVar settings from Section [EffectsQuality@3] File [D:/Documenten/HKU Jaar 2/NarrativeSeminar_Git/NarrativeSeminar/Saved/Config/Windows/Scalability.ini]
[2020.01.23-18.30.25:105][  0]LogConfig: Setting CVar [[r.TranslucencyLightingVolumeDim:64]]
[2020.01.23-18.30.25:105][  0]LogConfig: Setting CVar [[r.RefractionQuality:2]]
[2020.01.23-18.30.25:105][  0]LogConfig: Setting CVar [[r.SSR.Quality:3]]
[2020.01.23-18.30.25:105][  0]LogConfig: Setting CVar [[r.SceneColorFormat:4]]
[2020.01.23-18.30.25:105][  0]LogConfig: Setting CVar [[r.DetailMode:2]]
[2020.01.23-18.30.25:105][  0]LogConfig: Setting CVar [[r.TranslucencyVolumeBlur:1]]
[2020.01.23-18.30.25:105][  0]LogConfig: Setting CVar [[r.MaterialQualityLevel:1 ; High quality]]
[2020.01.23-18.30.25:105][  0]LogConfig: Setting CVar [[r.SSS.Scale:1]]
[2020.01.23-18.30.25:105][  0]LogConfig: Setting CVar [[r.SSS.SampleSet:2]]
[2020.01.23-18.30.25:105][  0]LogConfig: Setting CVar [[r.SSS.Quality:1]]
[2020.01.23-18.30.25:105][  0]LogConfig: Setting CVar [[r.SSS.HalfRes:1]]
[2020.01.23-18.30.25:105][  0]LogConfig: Setting CVar [[r.EmitterSpawnRateScale:1.0]]
[2020.01.23-18.30.25:105][  0]LogConfig: Setting CVar [[r.ParticleLightQuality:2]]
[2020.01.23-18.30.25:105][  0]LogConfig: Applying CVar settings from Section [FoliageQuality@3] File [D:/Documenten/HKU Jaar 2/NarrativeSeminar_Git/NarrativeSeminar/Saved/Config/Windows/Scalability.ini]
[2020.01.23-18.30.25:105][  0]LogConfig: Setting CVar [[foliage.DensityScale:1.0]]
[2020.01.23-18.30.25:105][  0]LogConfig: Setting CVar [[grass.DensityScale:1.0]]
[2020.01.23-18.30.25:105][  0]LogInit: Selected Device Profile: [Windows]
[2020.01.23-18.30.25:105][  0]LogInit: Applying CVar settings loaded from the selected device profile: [Windows]
[2020.01.23-18.30.25:109][  0]LogHAL: Display: Platform has ~ 16 GB [17023590400 / 17179869184 / 16], which maps to Larger [LargestMinGB=32, LargerMinGB=12, DefaultMinGB=8, SmallerMinGB=6, SmallestMinGB=0)
[2020.01.23-18.30.25:109][  0]LogInit: Going up to parent DeviceProfile []
[2020.01.23-18.30.25:109][  0]LogConfig: Applying CVar settings from Section [ViewDistanceQuality@3] File [D:/Documenten/HKU Jaar 2/NarrativeSeminar_Git/NarrativeSeminar/Saved/Config/Windows/Scalability.ini]
[2020.01.23-18.30.25:109][  0]LogConfig: Setting CVar [[r.SkeletalMeshLODBias:0]]
[2020.01.23-18.30.25:109][  0]LogConfig: Setting CVar [[r.ViewDistanceScale:1.0]]
[2020.01.23-18.30.25:109][  0]LogConfig: Applying CVar settings from Section [AntiAliasingQuality@3] File [D:/Documenten/HKU Jaar 2/NarrativeSeminar_Git/NarrativeSeminar/Saved/Config/Windows/Scalability.ini]
[2020.01.23-18.30.25:109][  0]LogConfig: Setting CVar [[r.PostProcessAAQuality:4]]
[2020.01.23-18.30.25:109][  0]LogConfig: Applying CVar settings from Section [ShadowQuality@3] File [D:/Documenten/HKU Jaar 2/NarrativeSeminar_Git/NarrativeSeminar/Saved/Config/Windows/Scalability.ini]
[2020.01.23-18.30.25:109][  0]LogConfig: Setting CVar [[r.LightFunctionQuality:1]]
[2020.01.23-18.30.25:109][  0]LogConfig: Setting CVar [[r.ShadowQuality:5]]
[2020.01.23-18.30.25:109][  0]LogConfig: Setting CVar [[r.Shadow.CSM.MaxCascades:10]]
[2020.01.23-18.30.25:109][  0]LogConfig: Setting CVar [[r.Shadow.MaxResolution:2048]]
[2020.01.23-18.30.25:109][  0]LogConfig: Setting CVar [[r.Shadow.MaxCSMResolution:2048]]
[2020.01.23-18.30.25:109][  0]LogConfig: Setting CVar [[r.Shadow.RadiusThreshold:0.01]]
[2020.01.23-18.30.25:109][  0]LogConfig: Setting CVar [[r.Shadow.DistanceScale:1.0]]
[2020.01.23-18.30.25:109][  0]LogConfig: Setting CVar [[r.Shadow.CSM.TransitionScale:1.0]]
[2020.01.23-18.30.25:109][  0]LogConfig: Setting CVar [[r.Shadow.PreShadowResolutionFactor:1.0]]
[2020.01.23-18.30.25:109][  0]LogConfig: Setting CVar [[r.DistanceFieldShadowing:1]]
[2020.01.23-18.30.25:109][  0]LogConfig: Setting CVar [[r.DistanceFieldAO:1]]
[2020.01.23-18.30.25:109][  0]LogConfig: Setting CVar [[r.AOQuality:2]]
[2020.01.23-18.30.25:109][  0]LogConfig: Setting CVar [[r.VolumetricFog:1]]
[2020.01.23-18.30.25:109][  0]LogConfig: Setting CVar [[r.VolumetricFog.GridPixelSize:8]]
[2020.01.23-18.30.25:109][  0]LogConfig: Setting CVar [[r.VolumetricFog.GridSizeZ:128]]
[2020.01.23-18.30.25:109][  0]LogConfig: Setting CVar [[r.VolumetricFog.HistoryMissSupersampleCount:4]]
[2020.01.23-18.30.25:109][  0]LogConfig: Setting CVar [[r.LightMaxDrawDistanceScale:1]]
[2020.01.23-18.30.25:109][  0]LogConfig: Setting CVar [[r.CapsuleShadows:1]]
[2020.01.23-18.30.25:109][  0]LogConfig: Applying CVar settings from Section [PostProcessQuality@3] File [D:/Documenten/HKU Jaar 2/NarrativeSeminar_Git/NarrativeSeminar/Saved/Config/Windows/Scalability.ini]
[2020.01.23-18.30.25:109][  0]LogConfig: Setting CVar [[r.MotionBlurQuality:4]]
[2020.01.23-18.30.25:109][  0]LogConfig: Setting CVar [[r.AmbientOcclusionMipLevelFactor:0.4]]
[2020.01.23-18.30.25:109][  0]LogConfig: Setting CVar [[r.AmbientOcclusionMaxQuality:100]]
[2020.01.23-18.30.25:109][  0]LogConfig: Setting CVar [[r.AmbientOcclusionLevels:-1]]
[2020.01.23-18.30.25:109][  0]LogConfig: Setting CVar [[r.AmbientOcclusionRadiusScale:1.0]]
[2020.01.23-18.30.25:109][  0]LogConfig: Setting CVar [[r.DepthOfFieldQuality:2]]
[2020.01.23-18.30.25:109][  0]LogConfig: Setting CVar [[r.RenderTargetPoolMin:400]]
[2020.01.23-18.30.25:109][  0]LogConfig: Setting CVar [[r.LensFlareQuality:2]]
[2020.01.23-18.30.25:109][  0]LogConfig: Setting CVar [[r.SceneColorFringeQuality:1]]
[2020.01.23-18.30.25:109][  0]LogConfig: Setting CVar [[r.EyeAdaptationQuality:2]]
[2020.01.23-18.30.25:109][  0]LogConfig: Setting CVar [[r.BloomQuality:5]]
[2020.01.23-18.30.25:109][  0]LogConfig: Setting CVar [[r.FastBlurThreshold:100]]
[2020.01.23-18.30.25:109][  0]LogConfig: Setting CVar [[r.Upscale.Quality:3]]
[2020.01.23-18.30.25:109][  0]LogConfig: Setting CVar [[r.Tonemapper.GrainQuantization:1]]
[2020.01.23-18.30.25:109][  0]LogConfig: Setting CVar [[r.LightShaftQuality:1]]
[2020.01.23-18.30.25:109][  0]LogConfig: Setting CVar [[r.Filter.SizeScale:1]]
[2020.01.23-18.30.25:109][  0]LogConfig: Setting CVar [[r.Tonemapper.Quality:5]]
[2020.01.23-18.30.25:109][  0]LogConfig: Setting CVar [[r.DOF.Gather.AccumulatorQuality:1        ; higher gathering accumulator quality]]
[2020.01.23-18.30.25:109][  0]LogConfig: Setting CVar [[r.DOF.Gather.PostfilterMethod:1          ; Median3x3 postfilering method]]
[2020.01.23-18.30.25:109][  0]LogConfig: Setting CVar [[r.DOF.Gather.EnableBokehSettings:0       ; no bokeh simulation when gathering]]
[2020.01.23-18.30.25:109][  0]LogConfig: Setting CVar [[r.DOF.Gather.RingCount:4                 ; medium number of samples when gathering]]
[2020.01.23-18.30.25:109][  0]LogConfig: Setting CVar [[r.DOF.Scatter.ForegroundCompositing:1    ; additive foreground scattering]]
[2020.01.23-18.30.25:109][  0]LogConfig: Setting CVar [[r.DOF.Scatter.BackgroundCompositing:2    ; additive background scattering]]
[2020.01.23-18.30.25:109][  0]LogConfig: Setting CVar [[r.DOF.Scatter.EnableBokehSettings:1      ; bokeh simulation when scattering]]
[2020.01.23-18.30.25:109][  0]LogConfig: Setting CVar [[r.DOF.Scatter.MaxSpriteRatio:0.1         ; only a maximum of 10% of scattered bokeh]]
[2020.01.23-18.30.25:109][  0]LogConfig: Setting CVar [[r.DOF.Recombine.Quality:1                ; cheap slight out of focus]]
[2020.01.23-18.30.25:109][  0]LogConfig: Setting CVar [[r.DOF.Recombine.EnableBokehSettings:0    ; no bokeh simulation on slight out of focus]]
[2020.01.23-18.30.25:109][  0]LogConfig: Setting CVar [[r.DOF.TemporalAAQuality:1                ; more stable temporal accumulation]]
[2020.01.23-18.30.25:109][  0]LogConfig: Setting CVar [[r.DOF.Kernel.MaxForegroundRadius:0.025]]
[2020.01.23-18.30.25:109][  0]LogConfig: Setting CVar [[r.DOF.Kernel.MaxBackgroundRadius:0.025]]
[2020.01.23-18.30.25:109][  0]LogConfig: Applying CVar settings from Section [TextureQuality@3] File [D:/Documenten/HKU Jaar 2/NarrativeSeminar_Git/NarrativeSeminar/Saved/Config/Windows/Scalability.ini]
[2020.01.23-18.30.25:110][  0]LogConfig: Setting CVar [[r.Streaming.MipBias:0]]
[2020.01.23-18.30.25:110][  0]LogConfig: Setting CVar [[r.Streaming.AmortizeCPUToGPUCopy:0]]
[2020.01.23-18.30.25:110][  0]LogConfig: Setting CVar [[r.Streaming.MaxNumTexturesToStreamPerFrame:0]]
[2020.01.23-18.30.25:110][  0]LogConfig: Setting CVar [[r.Streaming.Boost:1]]
[2020.01.23-18.30.25:110][  0]LogConfig: Setting CVar [[r.MaxAnisotropy:8]]
[2020.01.23-18.30.25:110][  0]LogConfig: Setting CVar [[r.Streaming.LimitPoolSizeToVRAM:0]]
[2020.01.23-18.30.25:110][  0]LogConfig: Setting CVar [[r.Streaming.PoolSize:1000]]
[2020.01.23-18.30.25:110][  0]LogConfig: Setting CVar [[r.Streaming.MaxEffectiveScreenSize:0]]
[2020.01.23-18.30.25:110][  0]LogConfig: Applying CVar settings from Section [EffectsQuality@3] File [D:/Documenten/HKU Jaar 2/NarrativeSeminar_Git/NarrativeSeminar/Saved/Config/Windows/Scalability.ini]
[2020.01.23-18.30.25:110][  0]LogConfig: Setting CVar [[r.TranslucencyLightingVolumeDim:64]]
[2020.01.23-18.30.25:110][  0]LogConfig: Setting CVar [[r.RefractionQuality:2]]
[2020.01.23-18.30.25:110][  0]LogConfig: Setting CVar [[r.SSR.Quality:3]]
[2020.01.23-18.30.25:110][  0]LogConfig: Setting CVar [[r.SceneColorFormat:4]]
[2020.01.23-18.30.25:110][  0]LogConfig: Setting CVar [[r.DetailMode:2]]
[2020.01.23-18.30.25:110][  0]LogConfig: Setting CVar [[r.TranslucencyVolumeBlur:1]]
[2020.01.23-18.30.25:110][  0]LogConfig: Setting CVar [[r.MaterialQualityLevel:1 ; High quality]]
[2020.01.23-18.30.25:110][  0]LogConfig: Setting CVar [[r.SSS.Scale:1]]
[2020.01.23-18.30.25:110][  0]LogConfig: Setting CVar [[r.SSS.SampleSet:2]]
[2020.01.23-18.30.25:110][  0]LogConfig: Setting CVar [[r.SSS.Quality:1]]
[2020.01.23-18.30.25:110][  0]LogConfig: Setting CVar [[r.SSS.HalfRes:1]]
[2020.01.23-18.30.25:110][  0]LogConfig: Setting CVar [[r.EmitterSpawnRateScale:1.0]]
[2020.01.23-18.30.25:110][  0]LogConfig: Setting CVar [[r.ParticleLightQuality:2]]
[2020.01.23-18.30.25:110][  0]LogConfig: Applying CVar settings from Section [FoliageQuality@3] File [D:/Documenten/HKU Jaar 2/NarrativeSeminar_Git/NarrativeSeminar/Saved/Config/Windows/Scalability.ini]
[2020.01.23-18.30.25:110][  0]LogConfig: Setting CVar [[foliage.DensityScale:1.0]]
[2020.01.23-18.30.25:110][  0]LogConfig: Setting CVar [[grass.DensityScale:1.0]]
[2020.01.23-18.30.25:110][  0]LogConfig: Applying CVar settings from Section [Startup] File [../../../Engine/Config/ConsoleVariables.ini]
[2020.01.23-18.30.25:110][  0]LogConfig: Setting CVar [[net.UseAdaptiveNetUpdateFrequency:0]]
[2020.01.23-18.30.25:110][  0]LogConfig: Setting CVar [[p.chaos.AllowCreatePhysxBodies:1]]
[2020.01.23-18.30.25:110][  0]LogConfig: Applying CVar settings from Section [ConsoleVariables] File [D:/Documenten/HKU Jaar 2/NarrativeSeminar_Git/NarrativeSeminar/Saved/Config/Windows/Engine.ini]
[2020.01.23-18.30.25:111][  0]LogInit: Computer: LAPTOP-NJ91JL1R
[2020.01.23-18.30.25:111][  0]LogInit: User: TimPeeters
[2020.01.23-18.30.25:111][  0]LogInit: CPU Page size=4096, Cores=6
[2020.01.23-18.30.25:111][  0]LogInit: High frequency timer resolution =10.000000 MHz
[2020.01.23-18.30.25:111][  0]LogMemory: Memory total: Physical=15.9GB (16GB approx)
[2020.01.23-18.30.25:111][  0]LogMemory: Platform Memory Stats for Windows
[2020.01.23-18.30.25:111][  0]LogMemory: Process Physical Memory: 101.73 MB used, 101.73 MB peak
[2020.01.23-18.30.25:111][  0]LogMemory: Process Virtual Memory: 101.52 MB used, 101.52 MB peak
[2020.01.23-18.30.25:111][  0]LogMemory: Physical Memory: 7019.49 MB used,  9215.47 MB free, 16234.96 MB total
[2020.01.23-18.30.25:111][  0]LogMemory: Virtual Memory: 4685.26 MB used,  134213040.00 MB free, 134217728.00 MB total
[2020.01.23-18.30.25:115][  0]LogWindows: WindowsPlatformFeatures enabled
[2020.01.23-18.30.25:145][  0]LogInit: Using OS detected language (en-GB).
[2020.01.23-18.30.25:145][  0]LogInit: Using OS detected locale (en-GB).
[2020.01.23-18.30.25:146][  0]LogTextLocalizationManager: No specific localization for 'en-GB' exists, so the 'en' localization will be used.
[2020.01.23-18.30.25:302][  0]LogInit: Setting process to per monitor DPI aware
[2020.01.23-18.30.25:333][  0]LogSlate: New Slate User Created.  User Index 0, Is Virtual User: 0
[2020.01.23-18.30.25:333][  0]LogSlate: Slate User Registered.  User Index 0, Is Virtual User: 0
[2020.01.23-18.30.25:509][  0]LogD3D11RHI: D3D11 adapters:
[2020.01.23-18.30.25:584][  0]LogD3D11RHI:    0. 'NVIDIA GeForce GTX 1060' (Feature Level 11_0)
[2020.01.23-18.30.25:584][  0]LogD3D11RHI:       6052/0/8117 MB DedicatedVideo/DedicatedSystem/SharedSystem, Outputs:1, VendorId:0x10de
[2020.01.23-18.30.25:595][  0]LogD3D11RHI:    1. 'Intel(R) UHD Graphics 630' (Feature Level 11_0)
[2020.01.23-18.30.25:595][  0]LogD3D11RHI:       128/0/8117 MB DedicatedVideo/DedicatedSystem/SharedSystem, Outputs:0, VendorId:0x8086
[2020.01.23-18.30.25:598][  0]LogD3D11RHI:    2. 'Microsoft Basic Render Driver' (Feature Level 11_0)
[2020.01.23-18.30.25:598][  0]LogD3D11RHI:       0/0/8117 MB DedicatedVideo/DedicatedSystem/SharedSystem, Outputs:0, VendorId:0x1414
[2020.01.23-18.30.25:598][  0]LogD3D11RHI: Chosen D3D11 Adapter: 0
[2020.01.23-18.30.25:631][  0]LogD3D11RHI: Creating new Direct3DDevice
[2020.01.23-18.30.25:632][  0]LogD3D11RHI:     GPU DeviceId: 0x1c20 (for the marketing name, search the web for "GPU Device Id")
[2020.01.23-18.30.25:632][  0]LogWindows: EnumDisplayDevices:
[2020.01.23-18.30.25:632][  0]LogWindows:    0. 'Intel(R) UHD Graphics 630' (P:1 D:1)
[2020.01.23-18.30.25:632][  0]LogWindows:    1. 'Intel(R) UHD Graphics 630' (P:0 D:0)
[2020.01.23-18.30.25:632][  0]LogWindows:    2. 'Intel(R) UHD Graphics 630' (P:0 D:0)
[2020.01.23-18.30.25:633][  0]LogWindows:    3. 'NVIDIA GeForce GTX 1060' (P:0 D:0)
[2020.01.23-18.30.25:633][  0]LogWindows:    4. 'NVIDIA GeForce GTX 1060' (P:0 D:0)
[2020.01.23-18.30.25:633][  0]LogWindows:    5. 'NVIDIA GeForce GTX 1060' (P:0 D:0)
[2020.01.23-18.30.25:633][  0]LogWindows:    6. 'NVIDIA GeForce GTX 1060' (P:0 D:0)
[2020.01.23-18.30.25:633][  0]LogWindows: DebugString: PrimaryIsNotTheChoosenAdapter PrimaryIsNotTheChoosenAdapter PrimaryIsNotTheChoosenAdapter FoundDriverCount:4 
[2020.01.23-18.30.25:633][  0]LogD3D11RHI:     Adapter Name: NVIDIA GeForce GTX 1060
[2020.01.23-18.30.25:633][  0]LogD3D11RHI:   Driver Version: 441.41 (internal:26.21.14.4141, unified:441.41)
[2020.01.23-18.30.25:634][  0]LogD3D11RHI:      Driver Date: 11-20-2019
[2020.01.23-18.30.25:634][  0]LogRHI: Texture pool is 4236 MB (70% of 6052 MB)
[2020.01.23-18.30.25:676][  0]LogD3D11RHI: Async texture creation enabled
[2020.01.23-18.30.25:693][  0]LogD3D11RHI: GPU Timing Frequency: 1000.000000 (Debug: 2 1)
[2020.01.23-18.30.25:989][  0]LogTemp: Display: Module 'AllDesktopTargetPlatform' loaded TargetPlatform 'AllDesktop'
[2020.01.23-18.30.25:996][  0]LogTemp: Display: Module 'MacClientTargetPlatform' loaded TargetPlatform 'MacClient'
[2020.01.23-18.30.26:003][  0]LogTemp: Display: Module 'MacNoEditorTargetPlatform' loaded TargetPlatform 'MacNoEditor'
[2020.01.23-18.30.26:010][  0]LogTemp: Display: Module 'MacServerTargetPlatform' loaded TargetPlatform 'MacServer'
[2020.01.23-18.30.26:016][  0]LogTemp: Display: Module 'MacTargetPlatform' loaded TargetPlatform 'Mac'
[2020.01.23-18.30.26:023][  0]LogTemp: Display: Module 'WindowsClientTargetPlatform' loaded TargetPlatform 'WindowsClient'
[2020.01.23-18.30.26:030][  0]LogTemp: Display: Module 'WindowsNoEditorTargetPlatform' loaded TargetPlatform 'WindowsNoEditor'
[2020.01.23-18.30.26:037][  0]LogTemp: Display: Module 'WindowsServerTargetPlatform' loaded TargetPlatform 'WindowsServer'
[2020.01.23-18.30.26:040][  0]LogTemp: Display: Module 'WindowsTargetPlatform' loaded TargetPlatform 'Windows'
[2020.01.23-18.30.26:068][  0]LogTemp: Display: Module 'AndroidTargetPlatform' loaded TargetPlatform 'Android'
[2020.01.23-18.30.26:068][  0]LogTemp: Display: Module 'AndroidTargetPlatform' loaded TargetPlatform 'Android_ASTC'
[2020.01.23-18.30.26:068][  0]LogTemp: Display: Module 'AndroidTargetPlatform' loaded TargetPlatform 'Android_ATC'
[2020.01.23-18.30.26:068][  0]LogTemp: Display: Module 'AndroidTargetPlatform' loaded TargetPlatform 'Android_DXT'
[2020.01.23-18.30.26:068][  0]LogTemp: Display: Module 'AndroidTargetPlatform' loaded TargetPlatform 'Android_ETC1'
[2020.01.23-18.30.26:068][  0]LogTemp: Display: Module 'AndroidTargetPlatform' loaded TargetPlatform 'Android_ETC1a'
[2020.01.23-18.30.26:068][  0]LogTemp: Display: Module 'AndroidTargetPlatform' loaded TargetPlatform 'Android_ETC2'
[2020.01.23-18.30.26:068][  0]LogTemp: Display: Module 'AndroidTargetPlatform' loaded TargetPlatform 'Android_PVRTC'
[2020.01.23-18.30.26:068][  0]LogTemp: Display: Module 'AndroidTargetPlatform' loaded TargetPlatform 'AndroidClient'
[2020.01.23-18.30.26:068][  0]LogTemp: Display: Module 'AndroidTargetPlatform' loaded TargetPlatform 'Android_ASTCClient'
[2020.01.23-18.30.26:068][  0]LogTemp: Display: Module 'AndroidTargetPlatform' loaded TargetPlatform 'Android_ATCClient'
[2020.01.23-18.30.26:068][  0]LogTemp: Display: Module 'AndroidTargetPlatform' loaded TargetPlatform 'Android_DXTClient'
[2020.01.23-18.30.26:068][  0]LogTemp: Display: Module 'AndroidTargetPlatform' loaded TargetPlatform 'Android_ETC1Client'
[2020.01.23-18.30.26:068][  0]LogTemp: Display: Module 'AndroidTargetPlatform' loaded TargetPlatform 'Android_ETC1aClient'
[2020.01.23-18.30.26:068][  0]LogTemp: Display: Module 'AndroidTargetPlatform' loaded TargetPlatform 'Android_ETC2Client'
[2020.01.23-18.30.26:068][  0]LogTemp: Display: Module 'AndroidTargetPlatform' loaded TargetPlatform 'Android_PVRTCClient'
[2020.01.23-18.30.26:068][  0]LogTemp: Display: Module 'AndroidTargetPlatform' loaded TargetPlatform 'Android_Multi'
[2020.01.23-18.30.26:068][  0]LogTemp: Display: Module 'AndroidTargetPlatform' loaded TargetPlatform 'Android_MultiClient'
[2020.01.23-18.30.26:070][  0]LogTemp: Display: Module 'HTML5TargetPlatform' loaded TargetPlatform 'HTML5'
[2020.01.23-18.30.26:084][  0]LogTemp: Display: Module 'IOSTargetPlatform' loaded TargetPlatform 'IOSClient'
[2020.01.23-18.30.26:084][  0]LogTemp: Display: Module 'IOSTargetPlatform' loaded TargetPlatform 'IOS'
[2020.01.23-18.30.26:096][  0]LogTemp: Display: Module 'TVOSTargetPlatform' loaded TargetPlatform 'TVOSClient'
[2020.01.23-18.30.26:096][  0]LogTemp: Display: Module 'TVOSTargetPlatform' loaded TargetPlatform 'TVOS'
[2020.01.23-18.30.26:102][  0]LogTemp: Display: Module 'LinuxClientTargetPlatform' loaded TargetPlatform 'LinuxClient'
[2020.01.23-18.30.26:108][  0]LogTemp: Display: Module 'LinuxNoEditorTargetPlatform' loaded TargetPlatform 'LinuxNoEditor'
[2020.01.23-18.30.26:114][  0]LogTemp: Display: Module 'LinuxServerTargetPlatform' loaded TargetPlatform 'LinuxServer'
[2020.01.23-18.30.26:120][  0]LogTemp: Display: Module 'LinuxTargetPlatform' loaded TargetPlatform 'Linux'
[2020.01.23-18.30.26:141][  0]LogTemp: Display: Module 'LuminTargetPlatform' loaded TargetPlatform 'Lumin'
[2020.01.23-18.30.26:141][  0]LogTemp: Display: Module 'LuminTargetPlatform' loaded TargetPlatform 'LuminClient'
[2020.01.23-18.30.26:141][  0]LogTargetPlatformManager: Display: Building Assets For Windows
[2020.01.23-18.30.26:149][  0]LogAudioDebug: Display: Lib vorbis DLL was dynamically loaded.
[2020.01.23-18.30.26:189][  0]LogShaderCompilers: Guid format shader working directory is -25 characters bigger than the processId version (../../../../../../Documenten/HKU Jaar 2/NarrativeSeminar_Git/NarrativeSeminar/Intermediate/Shaders/WorkingDirectory/2416/).
[2020.01.23-18.30.26:189][  0]LogShaderCompilers: Cleaned the shader compiler working directory 'C:/Users/Tim Peeters/AppData/Local/Temp/UnrealShaderWorkingDir/8C39DD0F4EB98BA5776521B9188649C9/'.
[2020.01.23-18.30.26:190][  0]LogXGEController: Cannot use XGE Controller as Incredibuild is not installed on this machine.
[2020.01.23-18.30.26:190][  0]LogShaderCompilers: Cannot use XGE Shader Compiler as Incredibuild is not installed on this machine.
[2020.01.23-18.30.26:190][  0]LogShaderCompilers: Display: Using Local Shader Compiler.
[2020.01.23-18.30.26:742][  0]LogDerivedDataCache: Display: Max Cache Size: 512 MB
[2020.01.23-18.30.26:795][  0]LogDerivedDataCache: Loaded boot cache 0.05s 73MB C:/Users/Tim Peeters/AppData/Local/UnrealEngine/4.23/DerivedDataCache/Boot.ddc.
[2020.01.23-18.30.26:796][  0]LogDerivedDataCache: Display: Loaded Boot cache: C:/Users/Tim Peeters/AppData/Local/UnrealEngine/4.23/DerivedDataCache/Boot.ddc
[2020.01.23-18.30.26:796][  0]LogDerivedDataCache: FDerivedDataBackendGraph:  Pak pak cache file ../../../../../../Documenten/HKU Jaar 2/NarrativeSeminar_Git/NarrativeSeminar/DerivedDataCache/DDC.ddp not found, will not use a pak cache.
[2020.01.23-18.30.26:796][  0]LogDerivedDataCache: Unable to find inner node Pak for hierarchical cache Hierarchy.
[2020.01.23-18.30.26:796][  0]LogDerivedDataCache: FDerivedDataBackendGraph:  CompressedPak pak cache file ../../../../../../Documenten/HKU Jaar 2/NarrativeSeminar_Git/NarrativeSeminar/DerivedDataCache/Compressed.ddp not found, will not use a pak cache.
[2020.01.23-18.30.26:796][  0]LogDerivedDataCache: Unable to find inner node CompressedPak for hierarchical cache Hierarchy.
[2020.01.23-18.30.26:806][  0]LogDerivedDataCache: Display: Pak cache opened for reading ../../../Engine/DerivedDataCache/Compressed.ddp.
[2020.01.23-18.30.26:806][  0]LogDerivedDataCache: FDerivedDataBackendGraph:  EnterprisePak pak cache file ../../../Enterprise/DerivedDataCache/Compressed.ddp not found, will not use a pak cache.
[2020.01.23-18.30.26:806][  0]LogDerivedDataCache: Unable to find inner node EnterprisePak for hierarchical cache Hierarchy.
[2020.01.23-18.30.26:807][  0]LogDerivedDataCache: Using Local data cache path C:/Users/Tim Peeters/AppData/Local/UnrealEngine/Common/DerivedDataCache: Writable
[2020.01.23-18.30.26:807][  0]LogDerivedDataCache: Shared data cache path not found in *engine.ini, will not use an Shared cache.
[2020.01.23-18.30.26:807][  0]LogDerivedDataCache: Unable to find inner node Shared for hierarchical cache Hierarchy.
[2020.01.23-18.30.26:826][  0]LogMaterial: Verifying Global Shaders for PCD3D_SM5
[2020.01.23-18.30.26:828][  0]LogSlate: Using FreeType 2.6.0
[2020.01.23-18.30.26:829][  0]LogSlate: SlateFontServices - WITH_FREETYPE: 1, WITH_HARFBUZZ: 1
[2020.01.23-18.30.26:875][  0]LogAssetRegistry: FAssetRegistry took 0.0021 seconds to start up
[2020.01.23-18.30.27:114][  0]LogInit: Selected Device Profile: [Windows]
[2020.01.23-18.30.27:239][  0]LogMeshReduction: Using QuadricMeshReduction for automatic static mesh reduction
[2020.01.23-18.30.27:239][  0]LogMeshReduction: Using SimplygonMeshReduction for automatic skeletal mesh reduction
[2020.01.23-18.30.27:239][  0]LogMeshReduction: Using ProxyLODMeshReduction for automatic mesh merging
[2020.01.23-18.30.27:239][  0]LogMeshReduction: No distributed automatic mesh merging module available
[2020.01.23-18.30.27:239][  0]LogMeshMerging: No distributed automatic mesh merging module available
[2020.01.23-18.30.27:247][  0]LogNetVersion: NarrativeSeminar 1.0.0, NetCL: 8386587, EngineNetVer: 11, GameNetVer: 0 (Checksum: 2068261197)
[2020.01.23-18.30.27:821][  0]LogPackageLocalizationCache: Processed 11 localized package path(s) for 1 prioritized culture(s) in 0.259115 seconds
[2020.01.23-18.30.27:826][  0]LogUObjectArray: 43199 objects as part of root set at end of initial load.
[2020.01.23-18.30.27:826][  0]LogUObjectAllocator: 7508728 out of 0 bytes used by permanent object pool.
[2020.01.23-18.30.27:826][  0]LogUObjectArray: CloseDisregardForGC: 0/0 objects in disregard for GC pool
[2020.01.23-18.30.28:521][  0]LogTcpMessaging: Initializing TcpMessaging bridge
[2020.01.23-18.30.28:524][  0]LogUdpMessaging: Initializing bridge on interface 0.0.0.0:0 to multicast group 230.0.0.1:6666.
[2020.01.23-18.30.28:569][  0]SourceControl: Source control is disabled
[2020.01.23-18.30.28:569][  0]SourceControl: Source control is disabled
[2020.01.23-18.30.28:570][  0]SourceControl: Source control is disabled
[2020.01.23-18.30.28:571][  0]SourceControl: Source control is disabled
[2020.01.23-18.30.28:640][  0]LogAndroidPermission: UAndroidPermissionCallbackProxy::GetInstance
[2020.01.23-18.30.28:749][  0]LogOcInput: OculusInput pre-init called
[2020.01.23-18.30.28:754][  0]LogWindows: Failed to load 'OVRPlugin.dll' (GetLastError=126)
[2020.01.23-18.30.28:754][  0]LogWindows: File 'OVRPlugin.dll' does not exist
[2020.01.23-18.30.28:811][  0]LogEngine: Initializing Engine...
[2020.01.23-18.30.28:812][  0]LogStats: UGameplayTagsManager::InitializeManager -  0.000 s
[2020.01.23-18.30.29:001][  0]LogInit: Initializing FReadOnlyCVARCache
[2020.01.23-18.30.29:011][  0]LogAIModule: Creating AISystem for world Untitled
[2020.01.23-18.30.29:050][  0]LogInit: XAudio2 using 'Speakers (Realtek(R) Audio)' : 2 channels at 44.1 kHz using 32 bits per sample (channel mask 0x3)
[2020.01.23-18.30.29:330][  0]LogInit: FAudioDevice initialized.
[2020.01.23-18.30.29:330][  0]LogNetVersion: Set ProjectVersion to 1.0.0.0. Version Checksum will be recalculated on next use.
[2020.01.23-18.30.29:467][  0]LogDerivedDataCache: Saved boot cache 0.14s 73MB C:/Users/Tim Peeters/AppData/Local/UnrealEngine/4.23/DerivedDataCache/Boot.ddc.
[2020.01.23-18.30.29:473][  0]LogInit: Texture streaming: Enabled
[2020.01.23-18.30.29:486][  0]LogEngineSessionManager: EngineSessionManager initialized
[2020.01.23-18.30.29:486][  0]LogEditorSessionSummary: Verbose: Initializing EditorSessionSummaryWriter for editor session tracking
[2020.01.23-18.30.29:489][  0]LogEditorSessionSummary: EditorSessionSummaryWriter initialized
[2020.01.23-18.30.29:524][  0]LogInit: Transaction tracking system initialized
[2020.01.23-18.30.29:543][  0]BlueprintLog: New page: Editor Load
[2020.01.23-18.30.29:591][  0]LocalizationService: Localization service is disabled
[2020.01.23-18.30.29:803][  0]LogFileCache: Scanning file cache for directory 'D:/Documenten/HKU Jaar 2/NarrativeSeminar_Git/NarrativeSeminar/Content/' took 0.00s
[2020.01.23-18.30.29:803][  0]LogCook: Display: Max memory allowance for cook 16384mb min free memory 0mb
[2020.01.23-18.30.29:803][  0]LogCook: Display: Mobile HDR setting 1
[2020.01.23-18.30.29:935][  0]SourceControl: Source control is disabled
[2020.01.23-18.30.29:935][  0]Cmd: MAP LOAD FILE="../../../../../../Documenten/HKU Jaar 2/NarrativeSeminar_Git/NarrativeSeminar/Content/FirstPersonBP/Maps/FirstPersonExampleMap.umap" TEMPLATE=0 SHOWPROGRESS=1 FEATURELEVEL=3
[2020.01.23-18.30.29:936][  0]LightingResults: New page: Lighting Build
[2020.01.23-18.30.29:938][  0]LogWorld: UWorld::CleanupWorld for Untitled, bSessionEnded=true, bCleanupResources=true
[2020.01.23-18.30.29:938][  0]MapCheck: New page: Map Check
[2020.01.23-18.30.29:938][  0]LightingResults: New page: Lighting Build
[2020.01.23-18.30.29:965][  0]LogUObjectHash: Compacting FUObjectHashTables data took   1.46ms
[2020.01.23-18.30.30:220][  0]LogAIModule: Creating AISystem for world FirstPersonExampleMap
[2020.01.23-18.30.30:225][  0]LogSkinnedMeshComp: Warning: GetSocketByName(GripPoint): No SkeletalMesh for Component(Mesh2P) Actor(FirstPersonCharacter_C_1)
[2020.01.23-18.30.30:225][  0]LogSkinnedMeshComp: Warning: GetSocketByName(GripPoint): No SkeletalMesh for Component(Mesh2P) Actor(FirstPersonCharacter_C_1)
[2020.01.23-18.30.30:225][  0]LogSkinnedMeshComp: Warning: GetSocketByName(GripPoint): No SkeletalMesh for Component(Mesh2P) Actor(FirstPersonCharacter_C_1)
[2020.01.23-18.30.30:226][  0]LogSkinnedMeshComp: Warning: GetSocketByName(GripPoint): No SkeletalMesh for Component(Mesh2P) Actor(FirstPersonCharacter_C_1)
[2020.01.23-18.30.30:226][  0]LogEditorServer: Finished looking for orphan Actors (0.000 secs)
[2020.01.23-18.30.30:254][  0]LogUObjectHash: Compacting FUObjectHashTables data took   1.90ms
[2020.01.23-18.30.30:254][  0]Cmd: MAP CHECKDEP NOCLEARLOG
[2020.01.23-18.30.30:255][  0]MapCheck: Map check complete: 0 Error(s), 0 Warning(s), took 0.085ms to complete.
[2020.01.23-18.30.30:255][  0]LogFileHelpers: Loading map 'FirstPersonExampleMap' took 0.319
[2020.01.23-18.30.30:441][  0]LogSlate: Updating window title bar state: overlay mode, drag disabled, window buttons hidden, title bar hidden
[2020.01.23-18.30.30:448][  0]LogSlate: Updating window title bar state: overlay mode, drag disabled, window buttons hidden, title bar hidden
[2020.01.23-18.30.30:455][  0]LogSlate: Updating window title bar state: overlay mode, drag disabled, window buttons hidden, title bar hidden
[2020.01.23-18.30.30:461][  0]LogSlate: Updating window title bar state: overlay mode, drag disabled, window buttons hidden, title bar hidden
[2020.01.23-18.30.30:473][  0]LogCollectionManager: Loaded 0 collections in 0.000938 seconds
[2020.01.23-18.30.30:497][  0]LogFileCache: Scanning file cache for directory 'D:/Documenten/HKU Jaar 2/NarrativeSeminar_Git/NarrativeSeminar/Saved/Collections/' took 0.00s
[2020.01.23-18.30.30:497][  0]LogFileCache: Scanning file cache for directory 'D:/Documenten/HKU Jaar 2/NarrativeSeminar_Git/NarrativeSeminar/Content/Developers/TimPeeters/Collections/' took 0.00s
[2020.01.23-18.30.30:497][  0]LogFileCache: Scanning file cache for directory 'D:/Documenten/HKU Jaar 2/NarrativeSeminar_Git/NarrativeSeminar/Content/Collections/' took 0.00s
[2020.01.23-18.30.30:497][  0]LogCollectionManager: Rebuilt the GUID cache for 0 collections in 0.000002 seconds
[2020.01.23-18.30.30:507][  0]LogContentBrowser: Native class hierarchy populated in 0.0084 seconds. Added 2861 classes and 677 folders.
[2020.01.23-18.30.30:520][  0]LogContentBrowser: Native class hierarchy updated for 'WidgetCarousel' in 0.0002 seconds. Added 0 classes and 0 folders.
[2020.01.23-18.30.30:826][  0]LogContentBrowser: Native class hierarchy updated for 'AddContentDialog' in 0.0002 seconds. Added 0 classes and 0 folders.
[2020.01.23-18.30.30:888][  0]LogContentBrowser: Native class hierarchy updated for 'WorldBrowser' in 0.0002 seconds. Added 2 classes and 3 folders.
[2020.01.23-18.30.31:024][  0]LogSlate: Took 0.000119 seconds to synchronously load lazily loaded font '../../../Engine/Content/Slate/Fonts/Roboto-Regular.ttf' (155K)
[2020.01.23-18.30.31:029][  0]LogSlate: Took 0.000154 seconds to synchronously load lazily loaded font '../../../Engine/Content/Slate/Fonts/Roboto-Bold.ttf' (160K)
[2020.01.23-18.30.31:035][  0]LogSlate: Took 0.001108 seconds to synchronously load lazily loaded font '../../../Engine/Content/Editor/Slate/Fonts/FontAwesome.ttf' (139K)
[2020.01.23-18.30.31:124][  0]LogRenderer: Reallocating scene render targets to support 1056x572 Format 10 NumSamples 1 (Frame:1).
[2020.01.23-18.30.31:289][  0]LogContentBrowser: Native class hierarchy updated for 'HierarchicalLODOutliner' in 0.0002 seconds. Added 0 classes and 0 folders.
[2020.01.23-18.30.31:289][  0]LogLoad: (Engine Initialization) Total time: 7.43 seconds
[2020.01.23-18.30.31:289][  0]LogLoad: (Engine Initialization) Total Blueprint compile time: 0.00 seconds
[2020.01.23-18.30.31:364][  0]LogContentStreaming: Texture pool size now 1000 MB
[2020.01.23-18.30.31:392][  0]LogSlate: Took 0.002613 seconds to synchronously load lazily loaded font '../../../Engine/Content/Slate/Fonts/Roboto-Light.ttf' (167K)
[2020.01.23-18.30.31:583][  3]LogAssetRegistry: Asset discovery search completed in 4.7084 seconds
[2020.01.23-18.30.31:586][  3]LogCollectionManager: Rebuilt the object cache for 0 collections in 0.000004 seconds (found 0 objects)
[2020.01.23-18.30.31:586][  3]LogCollectionManager: Fixed up redirectors for 0 collections in 0.000054 seconds (updated 0 objects)
[2020.01.23-18.30.52:073][ 35]LogSlate: FSceneViewport::OnFocusLost() reason 0
[2020.01.23-18.30.53:044][ 91]LogSlate: Took 0.000109 seconds to synchronously load lazily loaded font '../../../Engine/Content/Slate/Fonts/Roboto-Light.ttf' (167K)
[2020.01.23-18.30.53:053][ 91]LogAssetEditorManager: Opening Asset editor for Blueprint /Game/FirstPersonBP/Blueprints/FirstPersonCharacter.FirstPersonCharacter
[2020.01.23-18.30.53:499][ 91]LogContentBrowser: Native class hierarchy updated for 'BlueprintGraph' in 0.0004 seconds. Added 121 classes and 0 folders.
[2020.01.23-18.30.54:345][ 91]LogSlate: Took 0.002267 seconds to synchronously load lazily loaded font '../../../Engine/Content/Slate/Fonts/Roboto-BoldCondensed.ttf' (158K)
[2020.01.23-18.30.54:479][ 92]LogSlate: Took 0.002429 seconds to synchronously load lazily loaded font '../../../Engine/Content/Slate/Fonts/Roboto-Italic.ttf' (157K)
[2020.01.23-18.31.02:033][456]LogTemp: Repeating last play command: Selected Viewport
[2020.01.23-18.31.02:042][456]LogBlueprintUserMessages: Early PlayInEditor Detection: Level '/Game/FirstPersonBP/Maps/FirstPersonExampleMap.FirstPersonExampleMap:PersistentLevel' has LevelScriptBlueprint '/Game/FirstPersonBP/Maps/FirstPersonExampleMap.FirstPersonExampleMap:PersistentLevel.FirstPersonExampleMap' with GeneratedClass '/Game/FirstPersonBP/Maps/FirstPersonExampleMap.FirstPersonExampleMap_C' with ClassGeneratedBy '/Game/FirstPersonBP/Maps/FirstPersonExampleMap.FirstPersonExampleMap:PersistentLevel.FirstPersonExampleMap'
[2020.01.23-18.31.02:042][456]LogPlayLevel: PlayLevel: No blueprints needed recompiling
[2020.01.23-18.31.02:044][456]PIE: New page: PIE session: FirstPersonExampleMap (23 Jan 2020 20:31:02)
[2020.01.23-18.31.02:045][456]LogOnline: OSS: Creating online subsystem instance for: NULL
[2020.01.23-18.31.02:046][456]LogPlayLevel: Creating play world package: /Game/FirstPersonBP/Maps/UEDPIE_0_FirstPersonExampleMap
[2020.01.23-18.31.02:062][456]LogPlayLevel: PIE: StaticDuplicateObject took: (0.015275s)
[2020.01.23-18.31.02:063][456]LogAIModule: Creating AISystem for world FirstPersonExampleMap
[2020.01.23-18.31.02:063][456]LogPlayLevel: PIE: World Init took: (0.001339s)
[2020.01.23-18.31.02:063][456]LogPlayLevel: PIE: Created PIE world by copying editor world from /Game/FirstPersonBP/Maps/FirstPersonExampleMap.FirstPersonExampleMap to /Game/FirstPersonBP/Maps/UEDPIE_0_FirstPersonExampleMap.FirstPersonExampleMap (0.017022s)
[2020.01.23-18.31.02:102][456]LogUObjectHash: Compacting FUObjectHashTables data took   3.20ms
[2020.01.23-18.31.02:189][456]LogInit: XAudio2 using 'Speakers (Realtek(R) Audio)' : 2 channels at 44.1 kHz using 32 bits per sample (channel mask 0x3)
[2020.01.23-18.31.02:301][456]LogInit: FAudioDevice initialized.
[2020.01.23-18.31.02:310][456]LogLoad: Game class is 'FirstPersonGameMode_C'
[2020.01.23-18.31.02:313][456]LogWorld: Bringing World /Game/FirstPersonBP/Maps/UEDPIE_0_FirstPersonExampleMap.FirstPersonExampleMap up for play (max tick rate 60) at 2020.01.23-19.31.02
[2020.01.23-18.31.02:313][456]LogWorld: Bringing up level for play took: 0.001811
[2020.01.23-18.31.02:313][456]LogOnline: OSS: Creating online subsystem instance for: :Context_2
[2020.01.23-18.31.02:467][456]LogSpawn: Warning: SpawnActor failed because no class was specified
[2020.01.23-18.31.02:472][456]LogContentBrowser: Native class hierarchy updated for 'MovieSceneCapture' in 0.0002 seconds. Added 20 classes and 0 folders.
[2020.01.23-18.31.02:472][456]PIE: Play in editor start time for /Game/FirstPersonBP/Maps/UEDPIE_0_FirstPersonExampleMap 0.177
[2020.01.23-18.31.02:472][456]LogBlueprintUserMessages: Late PlayInEditor Detection: Level '/Game/FirstPersonBP/Maps/FirstPersonExampleMap.FirstPersonExampleMap:PersistentLevel' has LevelScriptBlueprint '/Game/FirstPersonBP/Maps/FirstPersonExampleMap.FirstPersonExampleMap:PersistentLevel.FirstPersonExampleMap' with GeneratedClass '/Game/FirstPersonBP/Maps/FirstPersonExampleMap.FirstPersonExampleMap_C' with ClassGeneratedBy '/Game/FirstPersonBP/Maps/FirstPersonExampleMap.FirstPersonExampleMap:PersistentLevel.FirstPersonExampleMap'
[2020.01.23-18.31.11:860][997]LogBlueprintUserMessages: Early EndPlayMap Detection: Level '/Game/FirstPersonBP/Maps/FirstPersonExampleMap.FirstPersonExampleMap:PersistentLevel' has LevelScriptBlueprint '/Game/FirstPersonBP/Maps/FirstPersonExampleMap.FirstPersonExampleMap:PersistentLevel.FirstPersonExampleMap' with GeneratedClass '/Game/FirstPersonBP/Maps/FirstPersonExampleMap.FirstPersonExampleMap_C' with ClassGeneratedBy '/Game/FirstPersonBP/Maps/FirstPersonExampleMap.FirstPersonExampleMap:PersistentLevel.FirstPersonExampleMap'
[2020.01.23-18.31.11:861][997]LogSlate: Updating window title bar state: overlay mode, drag disabled, window buttons hidden, title bar hidden
[2020.01.23-18.31.11:861][997]LogWorld: BeginTearingDown for /Game/FirstPersonBP/Maps/UEDPIE_0_FirstPersonExampleMap
[2020.01.23-18.31.11:862][997]LogWorld: UWorld::CleanupWorld for FirstPersonExampleMap, bSessionEnded=true, bCleanupResources=true
[2020.01.23-18.31.11:877][997]LogPlayLevel: Display: Shutting down PIE online subsystems
[2020.01.23-18.31.11:877][997]LogBlueprintUserMessages: Late EndPlayMap Detection: Level '/Game/FirstPersonBP/Maps/FirstPersonExampleMap.FirstPersonExampleMap:PersistentLevel' has LevelScriptBlueprint '/Game/FirstPersonBP/Maps/FirstPersonExampleMap.FirstPersonExampleMap:PersistentLevel.FirstPersonExampleMap' with GeneratedClass '/Game/FirstPersonBP/Maps/FirstPersonExampleMap.FirstPersonExampleMap_C' with ClassGeneratedBy '/Game/FirstPersonBP/Maps/FirstPersonExampleMap.FirstPersonExampleMap:PersistentLevel.FirstPersonExampleMap'
[2020.01.23-18.31.11:919][997]LogSlate: Updating window title bar state: overlay mode, drag disabled, window buttons hidden, title bar hidden
[2020.01.23-18.31.11:942][997]LogUObjectHash: Compacting FUObjectHashTables data took   4.80ms
[2020.01.23-18.31.11:965][998]LogPlayLevel: Display: Destroying online subsystem :Context_2
[2020.01.23-18.31.12:999][ 54]LogSlate: FSceneViewport::OnFocusLost() reason 0
[2020.01.23-18.31.15:315][179]LogSlate: Window 'FirstPersonCharacter' being destroyed
[2020.01.23-18.31.15:326][179]LogSlate: Window 'FirstPersonCharacter' being destroyed
[2020.01.23-18.31.15:329][179]LogWorld: UWorld::CleanupWorld for World_0, bSessionEnded=true, bCleanupResources=true
[2020.01.23-18.31.16:188][202]LogUObjectHash: Compacting FUObjectHashTables data took   3.27ms
[2020.01.23-18.31.16:226][202]LogSlate: Window 'NarrativeSeminar - Unreal Editor' being destroyed
[2020.01.23-18.31.16:226][202]LogWindowsTextInputMethodSystem: Display: IME system now deactivated.
[2020.01.23-18.31.16:390][203]Cmd: QUIT_EDITOR
[2020.01.23-18.31.16:877][203]LogExit: Preparing to exit.
[2020.01.23-18.31.17:582][203]LogDemo: Cleaned up 0 splitscreen connections with owner deletion
[2020.01.23-18.31.17:589][203]LogWorld: UWorld::CleanupWorld for None, bSessionEnded=true, bCleanupResources=true
[2020.01.23-18.31.17:589][203]LogExit: Editor shut down
[2020.01.23-18.31.17:589][203]LogExit: Transaction tracking system shut down
[2020.01.23-18.31.17:789][203]LogExit: Object subsystem successfully closed.
[2020.01.23-18.31.17:814][203]LogShaderCompilers: Display: Shaders left to compile 0
[2020.01.23-18.31.17:823][203]LogModuleManager: Shutting down and abandoning module MovieSceneCapture (672)
[2020.01.23-18.31.17:823][203]LogModuleManager: Shutting down and abandoning module Voice (670)
[2020.01.23-18.31.17:823][203]LogModuleManager: Shutting down and abandoning module BlueprintGraph (668)
[2020.01.23-18.31.17:823][203]LogModuleManager: Shutting down and abandoning module HierarchicalLODOutliner (666)
[2020.01.23-18.31.17:823][203]LogModuleManager: Shutting down and abandoning module WorldBrowser (664)
[2020.01.23-18.31.17:823][203]LogModuleManager: Shutting down and abandoning module AddContentDialog (662)
[2020.01.23-18.31.17:824][203]LogModuleManager: Shutting down and abandoning module WidgetCarousel (661)
[2020.01.23-18.31.17:824][203]LogModuleManager: Shutting down and abandoning module EditorWidgets (658)
[2020.01.23-18.31.17:824][203]LogModuleManager: Shutting down and abandoning module CollectionManager (656)
[2020.01.23-18.31.17:824][203]LogModuleManager: Shutting down and abandoning module SceneOutliner (654)
[2020.01.23-18.31.17:824][203]LogModuleManager: Shutting down and abandoning module StatsViewer (652)
[2020.01.23-18.31.17:824][203]LogModuleManager: Shutting down and abandoning module VirtualTexturingEditor (650)
[2020.01.23-18.31.17:824][203]LogModuleManager: Shutting down and abandoning module FoliageEdit (648)
[2020.01.23-18.31.17:824][203]LogModuleManager: Shutting down and abandoning module LandscapeEditor (646)
[2020.01.23-18.31.17:824][203]LogModuleManager: Shutting down and abandoning module MeshPaintMode (644)
[2020.01.23-18.31.17:824][203]LogModuleManager: Shutting down and abandoning module SceneDepthPickerMode (642)
[2020.01.23-18.31.17:824][203]LogModuleManager: Shutting down and abandoning module ActorPickerMode (640)
[2020.01.23-18.31.17:824][203]LogModuleManager: Shutting down and abandoning module GeometryMode (638)
[2020.01.23-18.31.17:824][203]LogModuleManager: Shutting down and abandoning module TextureAlignMode (636)
[2020.01.23-18.31.17:824][203]LogModuleManager: Shutting down and abandoning module BspMode (634)
[2020.01.23-18.31.17:824][203]LogModuleManager: Shutting down and abandoning module PIEPreviewDeviceProfileSelector (632)
[2020.01.23-18.31.17:824][203]LogModuleManager: Shutting down and abandoning module SequenceRecorderSections (630)
[2020.01.23-18.31.17:824][203]LogModuleManager: Shutting down and abandoning module AutomationWorker (628)
[2020.01.23-18.31.17:824][203]LogModuleManager: Shutting down and abandoning module OculusMR (626)
[2020.01.23-18.31.17:824][203]LogModuleManager: Shutting down and abandoning module AudioCaptureEditor (624)
[2020.01.23-18.31.17:824][203]LogModuleManager: Shutting down and abandoning module MatineeToLevelSequence (622)
[2020.01.23-18.31.17:824][203]LogModuleManager: Shutting down and abandoning module LevelSequenceEditor (620)
[2020.01.23-18.31.17:824][203]LogModuleManager: Shutting down and abandoning module PlacementMode (619)
[2020.01.23-18.31.17:824][203]LogModuleManager: Shutting down and abandoning module MaterialEditor (618)
[2020.01.23-18.31.17:824][203]LogModuleManager: Shutting down and abandoning module ActorSequenceEditor (614)
[2020.01.23-18.31.17:824][203]LogModuleManager: Shutting down and abandoning module WmfMediaFactory (612)
[2020.01.23-18.31.17:824][203]LogModuleManager: Shutting down and abandoning module WmfMediaEditor (610)
[2020.01.23-18.31.17:824][203]LogModuleManager: Shutting down and abandoning module WebMMediaFactory (608)
[2020.01.23-18.31.17:824][203]LogModuleManager: Shutting down and abandoning module WebMMediaEditor (606)
[2020.01.23-18.31.17:824][203]LogModuleManager: Shutting down and abandoning module WebMMedia (604)
[2020.01.23-18.31.17:824][203]LogModuleManager: Shutting down and abandoning module MediaPlayerEditor (602)
[2020.01.23-18.31.17:824][203]LogModuleManager: Shutting down and abandoning module MediaCompositingEditor (600)
[2020.01.23-18.31.17:824][203]LogModuleManager: Shutting down and abandoning module SequenceRecorder (599)
[2020.01.23-18.31.17:824][203]LogModuleManager: Shutting down and abandoning module OpenExrWrapper (596)
[2020.01.23-18.31.17:824][203]LogModuleManager: Shutting down and abandoning module ImgMediaFactory (594)
[2020.01.23-18.31.17:824][203]LogModuleManager: Shutting down and abandoning module ImgMediaEditor (592)
[2020.01.23-18.31.17:824][203]LogModuleManager: Shutting down and abandoning module AvfMediaFactory (590)
[2020.01.23-18.31.17:824][203]LogModuleManager: Shutting down and abandoning module AvfMediaEditor (588)
[2020.01.23-18.31.17:824][203]LogModuleManager: Shutting down and abandoning module AndroidMediaFactory (586)
[2020.01.23-18.31.17:824][203]LogModuleManager: Shutting down and abandoning module AndroidMediaEditor (584)
[2020.01.23-18.31.17:825][203]LogModuleManager: Shutting down and abandoning module MagicLeapCameraPreviewFactory (582)
[2020.01.23-18.31.17:825][203]LogModuleManager: Shutting down and abandoning module MagicLeapMediaCodecFactory (580)
[2020.01.23-18.31.17:825][203]LogModuleManager: Shutting down and abandoning module MagicLeapMediaFactory (578)
[2020.01.23-18.31.17:825][203]LogModuleManager: Shutting down and abandoning module MagicLeapMediaEditor (576)
[2020.01.23-18.31.17:825][203]LogModuleManager: Shutting down and abandoning module CharacterAI (574)
[2020.01.23-18.31.17:825][203]LogModuleManager: Shutting down and abandoning module SmartSnapping (572)
[2020.01.23-18.31.17:825][203]LogModuleManager: Shutting down and abandoning module SessionServices (570)
[2020.01.23-18.31.17:825][203]LogModuleManager: Shutting down and abandoning module MeshPaint (568)
[2020.01.23-18.31.17:825][203]LogModuleManager: Shutting down and abandoning module ViewportSnapping (566)
[2020.01.23-18.31.17:825][203]LogModuleManager: Shutting down and abandoning module ViewportInteraction (564)
[2020.01.23-18.31.17:825][203]LogModuleManager: Shutting down and abandoning module ClothPainter (562)
[2020.01.23-18.31.17:825][203]LogModuleManager: Shutting down and abandoning module SkeletalMeshEditor (561)
[2020.01.23-18.31.17:825][203]LogModuleManager: Shutting down and abandoning module LogVisualizer (558)
[2020.01.23-18.31.17:825][203]LogModuleManager: Shutting down and abandoning module IntroTutorials (556)
[2020.01.23-18.31.17:825][203]LogModuleManager: Shutting down and abandoning module GameProjectGeneration (555)
[2020.01.23-18.31.17:825][203]LogModuleManager: Shutting down and abandoning module LuminPlatformEditor (552)
[2020.01.23-18.31.17:825][203]LogModuleManager: Shutting down and abandoning module IOSPlatformEditor (550)
[2020.01.23-18.31.17:825][203]LogModuleManager: Shutting down and abandoning module HTML5PlatformEditor (548)
[2020.01.23-18.31.17:825][203]LogModuleManager: Shutting down and abandoning module AndroidPlatformEditor (546)
[2020.01.23-18.31.17:825][203]LogModuleManager: Shutting down and abandoning module AndroidDeviceDetection (545)
[2020.01.23-18.31.18:649][203]LogModuleManager: Shutting down and abandoning module WindowsPlatformEditor (542)
[2020.01.23-18.31.18:649][203]LogModuleManager: Shutting down and abandoning module LuminRuntimeSettings (540)
[2020.01.23-18.31.18:649][203]LogModuleManager: Shutting down and abandoning module IOSRuntimeSettings (538)
[2020.01.23-18.31.18:649][203]LogModuleManager: Shutting down and abandoning module AndroidRuntimeSettings (536)
[2020.01.23-18.31.18:649][203]LogModuleManager: Shutting down and abandoning module TimeManagementEditor (534)
[2020.01.23-18.31.18:649][203]LogModuleManager: Shutting down and abandoning module InputBindingEditor (532)
[2020.01.23-18.31.18:649][203]LogModuleManager: Shutting down and abandoning module MergeActors (530)
[2020.01.23-18.31.18:649][203]LogModuleManager: Shutting down and abandoning module LocalizationDashboard (528)
[2020.01.23-18.31.18:649][203]LogModuleManager: Shutting down and abandoning module LocalizationService (527)
[2020.01.23-18.31.18:649][203]LogModuleManager: Shutting down and abandoning module HardwareTargeting (524)
[2020.01.23-18.31.18:649][203]LogModuleManager: Shutting down and abandoning module DeviceProfileEditor (522)
[2020.01.23-18.31.18:649][203]LogModuleManager: Shutting down and abandoning module UndoHistory (520)
[2020.01.23-18.31.18:649][203]LogModuleManager: Shutting down and abandoning module XmlParser (518)
[2020.01.23-18.31.18:649][203]LogModuleManager: Shutting down and abandoning module Blutility (516)
[2020.01.23-18.31.18:649][203]LogModuleManager: Shutting down and abandoning module ProjectSettingsViewer (514)
[2020.01.23-18.31.18:650][203]LogModuleManager: Shutting down and abandoning module ProjectTargetPlatformEditor (513)
[2020.01.23-18.31.18:650][203]LogModuleManager: Shutting down and abandoning module EditorSettingsViewer (510)
[2020.01.23-18.31.18:650][203]LogModuleManager: Shutting down and abandoning module SettingsEditor (508)
[2020.01.23-18.31.18:650][203]LogModuleManager: Shutting down and abandoning module ProjectLauncher (506)
[2020.01.23-18.31.18:650][203]LogModuleManager: Shutting down and abandoning module SessionFrontend (504)
[2020.01.23-18.31.18:650][203]LogModuleManager: Shutting down and abandoning module ProfilerClient (502)
[2020.01.23-18.31.18:650][203]LogModuleManager: Shutting down and abandoning module DeviceManager (500)
[2020.01.23-18.31.18:650][203]LogModuleManager: Shutting down and abandoning module TargetDeviceServices (499)
[2020.01.23-18.31.18:696][203]LogModuleManager: Shutting down and abandoning module AutomationController (496)
[2020.01.23-18.31.18:696][203]LogModuleManager: Shutting down and abandoning module AutomationWindow (494)
[2020.01.23-18.31.18:696][203]LogModuleManager: Shutting down and abandoning module Layers (492)
[2020.01.23-18.31.18:696][203]LogModuleManager: Shutting down and abandoning module ComponentVisualizers (490)
[2020.01.23-18.31.18:696][203]LogModuleManager: Shutting down and abandoning module DetailCustomizations (488)
[2020.01.23-18.31.18:696][203]LogModuleManager: Shutting down and abandoning module PackagesDialog (486)
[2020.01.23-18.31.18:696][203]LogModuleManager: Shutting down and abandoning module AnimationBlueprintEditor (484)
[2020.01.23-18.31.18:696][203]LogModuleManager: Shutting down and abandoning module Persona (482)
[2020.01.23-18.31.18:696][203]LogModuleManager: Shutting down and abandoning module AdvancedPreviewScene (481)
[2020.01.23-18.31.18:696][203]LogModuleManager: Shutting down and abandoning module AnimGraph (479)
[2020.01.23-18.31.18:696][203]LogModuleManager: Shutting down and abandoning module Kismet (476)
[2020.01.23-18.31.18:710][203]LogModuleManager: Shutting down and abandoning module KismetWidgets (475)
[2020.01.23-18.31.18:710][203]LogModuleManager: Shutting down and abandoning module GraphEditor (472)
[2020.01.23-18.31.18:711][203]LogModuleManager: Shutting down and abandoning module StructViewer (470)
[2020.01.23-18.31.18:711][203]LogModuleManager: Shutting down and abandoning module ClassViewer (468)
[2020.01.23-18.31.18:711][203]LogModuleManager: Shutting down and abandoning module Toolbox (466)
[2020.01.23-18.31.18:711][203]LogModuleManager: Shutting down and abandoning module ModuleUI (464)
[2020.01.23-18.31.18:711][203]LogModuleManager: Shutting down and abandoning module MovieSceneTools (462)
[2020.01.23-18.31.18:711][203]LogModuleManager: Shutting down and abandoning module OutputLog (460)
[2020.01.23-18.31.18:711][203]LogModuleManager: Shutting down and abandoning module GammaUI (458)
[2020.01.23-18.31.18:711][203]LogModuleManager: Shutting down and abandoning module Documentation (456)
[2020.01.23-18.31.18:712][203]LogModuleManager: Shutting down and abandoning module LiveCoding (454)
[2020.01.23-18.31.18:712][203]LogModuleManager: Shutting down and abandoning module LevelSequence (452)
[2020.01.23-18.31.18:712][203]LogModuleManager: Shutting down and abandoning module MovieSceneTracks (450)
[2020.01.23-18.31.18:712][203]LogModuleManager: Shutting down and abandoning module MovieScene (448)
[2020.01.23-18.31.18:712][203]LogModuleManager: Shutting down and abandoning module StreamingPauseRendering (446)
[2020.01.23-18.31.18:712][203]LogModuleManager: Shutting down and abandoning module LauncherPlatform (444)
[2020.01.23-18.31.18:712][203]LogModuleManager: Shutting down and abandoning module AnalyticsET (442)
[2020.01.23-18.31.18:712][203]LogModuleManager: Shutting down and abandoning module PortalServices (440)
[2020.01.23-18.31.18:712][203]LogModuleManager: Shutting down and abandoning module PortalRpc (438)
[2020.01.23-18.31.18:712][203]LogModuleManager: Shutting down and abandoning module MessagingRpc (436)
[2020.01.23-18.31.18:712][203]LogModuleManager: Shutting down and abandoning module AIModule (434)
[2020.01.23-18.31.18:712][203]LogModuleManager: Shutting down and abandoning module GameplayDebugger (433)
[2020.01.23-18.31.18:712][203]LogModuleManager: Shutting down and abandoning module AITestSuite (431)
[2020.01.23-18.31.18:712][203]LogModuleManager: Shutting down and abandoning module NavigationSystem (429)
[2020.01.23-18.31.18:712][203]LogModuleManager: Shutting down and abandoning module DesktopPlatform (426)
[2020.01.23-18.31.18:712][203]LogModuleManager: Shutting down and abandoning module ImageWriteQueue (424)
[2020.01.23-18.31.18:721][203]LogModuleManager: Shutting down and abandoning module ProfilerService (422)
[2020.01.23-18.31.18:860][203]LogModuleManager: Shutting down and abandoning module TaskGraph (420)
[2020.01.23-18.31.18:860][203]LogModuleManager: Shutting down and abandoning module ScreenshotTools (418)
[2020.01.23-18.31.18:860][203]LogModuleManager: Shutting down and abandoning module ProceduralMeshComponentEditor (416)
[2020.01.23-18.31.18:860][203]LogModuleManager: Shutting down and abandoning module ProceduralMeshComponent (414)
[2020.01.23-18.31.18:860][203]LogModuleManager: Shutting down and abandoning module OculusEditor (412)
[2020.01.23-18.31.18:860][203]LogModuleManager: Shutting down and abandoning module OculusInput (410)
[2020.01.23-18.31.18:860][203]LogModuleManager: Shutting down and abandoning module MobilePatchingUtils (408)
[2020.01.23-18.31.18:860][203]LogModuleManager: Shutting down and abandoning module EditableMesh (406)
[2020.01.23-18.31.18:860][203]LogModuleManager: Shutting down and abandoning module CustomMeshComponent (404)
[2020.01.23-18.31.18:860][203]LogModuleManager: Shutting down and abandoning module CableComponent (402)
[2020.01.23-18.31.18:860][203]LogModuleManager: Shutting down and abandoning module AudioCapture (400)
[2020.01.23-18.31.18:860][203]LogModuleManager: Shutting down and abandoning module ArchVisCharacter (398)
[2020.01.23-18.31.18:860][203]LogModuleManager: Shutting down and abandoning module AppleImageUtilsBlueprintSupport (396)
[2020.01.23-18.31.18:861][203]LogModuleManager: Shutting down and abandoning module AppleImageUtils (394)
[2020.01.23-18.31.18:861][203]LogModuleManager: Shutting down and abandoning module AndroidPermission (392)
[2020.01.23-18.31.18:861][203]LogModuleManager: Shutting down and abandoning module NUTUnrealEngine4 (390)
[2020.01.23-18.31.18:861][203]LogModuleManager: Shutting down and abandoning module NetcodeUnitTest (388)
[2020.01.23-18.31.18:861][203]LogModuleManager: Shutting down and abandoning module MediaCompositing (386)
[2020.01.23-18.31.18:861][203]LogModuleManager: Shutting down and abandoning module ImgMedia (384)
[2020.01.23-18.31.18:861][203]LogModuleManager: Shutting down and abandoning module MagicLeapHelperVulkan (382)
[2020.01.23-18.31.18:861][203]LogModuleManager: Shutting down and abandoning module MagicLeapHelperOpenGL (380)
[2020.01.23-18.31.18:861][203]LogModuleManager: Shutting down and abandoning module MagicLeapAudio (378)
[2020.01.23-18.31.18:861][203]LogModuleManager: Shutting down and abandoning module HTML5Networking (376)
[2020.01.23-18.31.18:861][203]LogModuleManager: Shutting down and abandoning module GeometryCacheTracks (374)
[2020.01.23-18.31.18:861][203]LogModuleManager: Shutting down and abandoning module GeometryCacheSequencer (372)
[2020.01.23-18.31.18:861][203]LogModuleManager: Shutting down and abandoning module BackChannel (370)
[2020.01.23-18.31.18:861][203]LogModuleManager: Shutting down and abandoning module AutomationUtilsEditor (368)
[2020.01.23-18.31.18:861][203]LogModuleManager: Shutting down and abandoning module AutomationUtils (366)
[2020.01.23-18.31.18:861][203]LogModuleManager: Shutting down and abandoning module AlembicImporter (364)
[2020.01.23-18.31.18:861][203]LogModuleManager: Shutting down and abandoning module AlembicLibrary (363)
[2020.01.23-18.31.18:861][203]LogModuleManager: Shutting down and abandoning module GeometryCache (362)
[2020.01.23-18.31.18:861][203]LogModuleManager: Shutting down and abandoning module GeometryCacheEd (361)
[2020.01.23-18.31.18:861][203]LogModuleManager: Shutting down and abandoning module VariantManagerContent (356)
[2020.01.23-18.31.18:861][203]LogModuleManager: Shutting down and abandoning module DatasmithContentEditor (354)
[2020.01.23-18.31.18:861][203]LogModuleManager: Shutting down and abandoning module SpeedTreeImporter (352)
[2020.01.23-18.31.18:861][203]LogModuleManager: Shutting down and abandoning module PluginBrowser (350)
[2020.01.23-18.31.18:861][203]LogModuleManager: Shutting down and abandoning module MobileLauncherProfileWizard (348)
[2020.01.23-18.31.18:861][203]LogModuleManager: Shutting down and abandoning module MaterialAnalyzer (346)
[2020.01.23-18.31.18:861][203]LogModuleManager: Shutting down and abandoning module CurveEditorTools (344)
[2020.01.23-18.31.18:861][203]LogModuleManager: Shutting down and abandoning module CurveEditor (343)
[2020.01.23-18.31.18:861][203]LogModuleManager: Shutting down and abandoning module CryptoKeysOpenSSL (340)
[2020.01.23-18.31.18:861][203]LogModuleManager: Shutting down and abandoning module CryptoKeys (338)
[2020.01.23-18.31.18:861][203]LogModuleManager: Shutting down and abandoning module VisualStudioSourceCodeAccess (336)
[2020.01.23-18.31.18:861][203]LogModuleManager: Shutting down and abandoning module VisualStudioCodeSourceCodeAccess (334)
[2020.01.23-18.31.18:861][203]LogModuleManager: Shutting down and abandoning module UObjectPlugin (332)
[2020.01.23-18.31.18:861][203]LogModuleManager: Shutting down and abandoning module SubversionSourceControl (330)
[2020.01.23-18.31.18:861][203]LogModuleManager: Shutting down and abandoning module PerforceSourceControl (328)
[2020.01.23-18.31.18:861][203]LogModuleManager: Shutting down and abandoning module GitSourceControl (326)
[2020.01.23-18.31.18:861][203]LogModuleManager: Shutting down and abandoning module SourceControl (325)
[2020.01.23-18.31.18:861][203]LogModuleManager: Shutting down and abandoning module CLionSourceCodeAccess (322)
[2020.01.23-18.31.18:861][203]LogModuleManager: Shutting down and abandoning module AnimationSharingEd (320)
[2020.01.23-18.31.18:861][203]LogModuleManager: Shutting down and abandoning module ActorLayerUtilitiesEditor (318)
[2020.01.23-18.31.18:862][203]LogModuleManager: Shutting down and abandoning module ActorLayerUtilities (316)
[2020.01.23-18.31.18:862][203]LogModuleManager: Shutting down and abandoning module LightPropagationVolumeEditor (314)
[2020.01.23-18.31.18:862][203]LogModuleManager: Shutting down and abandoning module PaperTiledImporter (312)
[2020.01.23-18.31.18:862][203]LogModuleManager: Shutting down and abandoning module PaperSpriteSheetImporter (310)
[2020.01.23-18.31.18:862][203]LogModuleManager: Shutting down and abandoning module Paper2DEditor (308)
[2020.01.23-18.31.18:862][203]LogModuleManager: Shutting down and abandoning module SignificanceManager (306)
[2020.01.23-18.31.18:862][203]LogModuleManager: Shutting down and abandoning module RuntimePhysXCooking (304)
[2020.01.23-18.31.18:862][203]LogModuleManager: Shutting down and abandoning module PhysXVehiclesEditor (302)
[2020.01.23-18.31.18:862][203]LogModuleManager: Shutting down and abandoning module LocationServicesBPLibrary (298)
[2020.01.23-18.31.18:862][203]LogModuleManager: Shutting down and abandoning module ActorSequence (296)
[2020.01.23-18.31.18:862][203]LogModuleManager: Shutting down and abandoning module UdpMessaging (294)
[2020.01.23-18.31.18:962][203]LogModuleManager: Shutting down and abandoning module TcpMessaging (292)
[2020.01.23-18.31.19:063][203]LogModuleManager: Shutting down and abandoning module MagicLeapIdentity (290)
[2020.01.23-18.31.19:063][203]LogModuleManager: Shutting down and abandoning module MagicLeapSecureStorage (288)
[2020.01.23-18.31.19:063][203]LogModuleManager: Shutting down and abandoning module MagicLeapHandTracking (286)
[2020.01.23-18.31.19:063][203]LogModuleManager: Shutting down and abandoning module MagicLeapEyeTracker (284)
[2020.01.23-18.31.19:063][203]LogModuleManager: Shutting down and abandoning module MagicLeapController (282)
[2020.01.23-18.31.19:063][203]LogSlate: Slate User Destroyed.  User Index 0, Is Virtual User: 0
[2020.01.23-18.31.19:063][203]LogModuleManager: Shutting down and abandoning module MagicLeapAR (280)
[2020.01.23-18.31.19:063][203]LogModuleManager: Shutting down and abandoning module AugmentedReality (279)
[2020.01.23-18.31.19:063][203]LogModuleManager: Shutting down and abandoning module GameplayTagsEditor (276)
[2020.01.23-18.31.19:063][203]LogModuleManager: Shutting down and abandoning module FacialAnimationEditor (274)
[2020.01.23-18.31.19:063][203]LogModuleManager: Shutting down and abandoning module FacialAnimation (272)
[2020.01.23-18.31.19:063][203]LogModuleManager: Shutting down and abandoning module DataValidation (270)
[2020.01.23-18.31.19:063][203]LogModuleManager: Shutting down and abandoning module AssetManagerEditor (268)
[2020.01.23-18.31.19:063][203]LogModuleManager: Shutting down and abandoning module LevelEditor (267)
[2020.01.23-18.31.19:064][203]LogModuleManager: Shutting down and abandoning module PixelInspectorModule (266)
[2020.01.23-18.31.19:064][203]LogModuleManager: Shutting down and abandoning module CommonMenuExtensions (264)
[2020.01.23-18.31.19:065][203]LogModuleManager: Shutting down and abandoning module MainFrame (262)
[2020.01.23-18.31.19:065][203]LogModuleManager: Shutting down and abandoning module HotReload (261)
[2020.01.23-18.31.19:065][203]LogModuleManager: Shutting down and abandoning module ContentBrowser (257)
[2020.01.23-18.31.19:067][203]LogModuleManager: Shutting down and abandoning module TreeMap (255)
[2020.01.23-18.31.19:067][203]LogModuleManager: Shutting down and abandoning module AnimationSharing (252)
[2020.01.23-18.31.19:067][203]LogModuleManager: Shutting down and abandoning module LightPropagationVolumeRuntime (250)
[2020.01.23-18.31.19:067][203]LogModuleManager: Shutting down and abandoning module Paper2D (248)
[2020.01.23-18.31.19:067][203]LogModuleManager: Shutting down and abandoning module WindowsMoviePlayer (246)
[2020.01.23-18.31.19:072][203]LogModuleManager: Shutting down and abandoning module WebMMoviePlayer (244)
[2020.01.23-18.31.19:072][203]LogModuleManager: Shutting down and abandoning module NetworkReplayStreaming (242)
[2020.01.23-18.31.19:072][203]LogModuleManager: Shutting down and abandoning module PacketHandler (240)
[2020.01.23-18.31.19:072][203]LogModuleManager: Shutting down and abandoning module ClothingSystemEditor (238)
[2020.01.23-18.31.19:072][203]LogModuleManager: Shutting down and abandoning module ClothingSystemRuntime (236)
[2020.01.23-18.31.19:072][203]LogModuleManager: Shutting down and abandoning module MediaAssets (234)
[2020.01.23-18.31.19:072][203]LogModuleManager: Shutting down and abandoning module Overlay (232)
[2020.01.23-18.31.19:072][203]LogModuleManager: Shutting down and abandoning module OverlayEditor (231)
[2020.01.23-18.31.19:072][203]LogModuleManager: Shutting down and abandoning module VREditor (228)
[2020.01.23-18.31.19:072][203]LogModuleManager: Shutting down and abandoning module StringTableEditor (226)
[2020.01.23-18.31.19:072][203]LogModuleManager: Shutting down and abandoning module GameplayTasksEditor (224)
[2020.01.23-18.31.19:072][203]LogModuleManager: Shutting down and abandoning module BehaviorTreeEditor (222)
[2020.01.23-18.31.19:073][203]LogModuleManager: Shutting down and abandoning module FunctionalTesting (220)
[2020.01.23-18.31.19:073][203]LogModuleManager: Shutting down and abandoning module CollisionAnalyzer (218)
[2020.01.23-18.31.19:073][203]LogModuleManager: Shutting down and abandoning module WorkspaceMenuStructure (217)
[2020.01.23-18.31.19:073][203]LogModuleManager: Shutting down and abandoning module UMG (214)
[2020.01.23-18.31.19:073][203]LogModuleManager: Shutting down and abandoning module UMGEditor (213)
[2020.01.23-18.31.19:073][203]LogModuleManager: Shutting down and abandoning module Sequencer (212)
[2020.01.23-18.31.19:073][203]LogModuleManager: Shutting down and abandoning module MessageLog (209)
[2020.01.23-18.31.19:073][203]LogModuleManager: Shutting down and abandoning module SlateReflector (204)
[2020.01.23-18.31.19:074][203]LogModuleManager: Shutting down and abandoning module Slate (202)
[2020.01.23-18.31.19:074][203]LogModuleManager: Shutting down and abandoning module LandscapeEditorUtilities (200)
[2020.01.23-18.31.19:074][203]LogModuleManager: Shutting down and abandoning module EditorStyle (198)
[2020.01.23-18.31.19:078][203]LogModuleManager: Shutting down and abandoning module UnrealEd (196)
[2020.01.23-18.31.19:078][203]LogModuleManager: Shutting down and abandoning module MRMesh (194)
[2020.01.23-18.31.19:078][203]LogModuleManager: Shutting down and abandoning module SourceCodeAccess (192)
[2020.01.23-18.31.19:078][203]LogModuleManager: Shutting down and abandoning module HeadMountedDisplay (190)
[2020.01.23-18.31.19:078][203]LogModuleManager: Shutting down and abandoning module XAudio2 (188)
[2020.01.23-18.31.19:078][203]LogModuleManager: Shutting down and abandoning module Networking (186)
[2020.01.23-18.31.19:078][203]LogModuleManager: Shutting down and abandoning module Core (184)
[2020.01.23-18.31.19:078][203]LogModuleManager: Shutting down and abandoning module KismetCompiler (182)
[2020.01.23-18.31.19:078][203]LogModuleManager: Shutting down and abandoning module MeshUtilities (180)
[2020.01.23-18.31.19:078][203]LogModuleManager: Shutting down and abandoning module MeshMergeUtilities (179)
[2020.01.23-18.31.19:078][203]LogModuleManager: Shutting down and abandoning module MeshReductionInterface (178)
[2020.01.23-18.31.19:078][203]LogModuleManager: Shutting down and abandoning module SkeletalMeshReduction (177)
[2020.01.23-18.31.19:078][203]LogModuleManager: Shutting down and abandoning module ProxyLODMeshReduction (175)
[2020.01.23-18.31.19:078][203]LogModuleManager: Shutting down and abandoning module QuadricMeshReduction (173)
[2020.01.23-18.31.19:078][203]LogModuleManager: Shutting down and abandoning module MaterialBaking (169)
[2020.01.23-18.31.19:078][203]LogModuleManager: Shutting down and abandoning module NullInstallBundleManager (164)
[2020.01.23-18.31.19:078][203]LogModuleManager: Shutting down and abandoning module DerivedDataCache (162)
[2020.01.23-18.31.19:371][203]LogDerivedDataCache: Shutdown
[2020.01.23-18.31.19:371][203]LogModuleManager: Shutting down and abandoning module XGEController (160)
[2020.01.23-18.31.19:371][203]LogModuleManager: Shutting down and abandoning module TargetPlatform (158)
[2020.01.23-18.31.19:371][203]LogModuleManager: Shutting down and abandoning module VulkanShaderFormat (157)
[2020.01.23-18.31.19:371][203]LogModuleManager: Shutting down and abandoning module ShaderFormatVectorVM (155)
[2020.01.23-18.31.19:371][203]LogModuleManager: Shutting down and abandoning module ShaderFormatOpenGL (153)
[2020.01.23-18.31.19:371][203]LogModuleManager: Shutting down and abandoning module ShaderFormatD3D (151)
[2020.01.23-18.31.19:371][203]LogModuleManager: Shutting down and abandoning module MetalShaderFormat (149)
[2020.01.23-18.31.19:371][203]LogModuleManager: Shutting down and abandoning module TextureFormatUncompressed (147)
[2020.01.23-18.31.19:371][203]LogModuleManager: Shutting down and abandoning module TextureFormatPVR (145)
[2020.01.23-18.31.19:371][203]LogModuleManager: Shutting down and abandoning module TextureFormatDXT (143)
[2020.01.23-18.31.19:371][203]LogModuleManager: Shutting down and abandoning module TextureFormatIntelISPCTexComp (141)
[2020.01.23-18.31.19:371][203]LogModuleManager: Shutting down and abandoning module TextureFormatASTC (139)
[2020.01.23-18.31.19:371][203]LogModuleManager: Shutting down and abandoning module ImageWrapper (138)
[2020.01.23-18.31.19:371][203]LogModuleManager: Shutting down and abandoning module TextureFormatAndroid (135)
[2020.01.23-18.31.19:371][203]LogModuleManager: Shutting down and abandoning module AudioFormatOpus (133)
[2020.01.23-18.31.19:371][203]LogModuleManager: Shutting down and abandoning module AudioFormatOgg (131)
[2020.01.23-18.31.19:371][203]LogModuleManager: Shutting down and abandoning module AudioFormatADPCM (129)
[2020.01.23-18.31.19:371][203]LogModuleManager: Shutting down and abandoning module LuminTargetPlatform (127)
[2020.01.23-18.31.19:372][203]LogModuleManager: Shutting down and abandoning module LinuxTargetPlatform (125)
[2020.01.23-18.31.19:372][203]LogModuleManager: Shutting down and abandoning module LinuxServerTargetPlatform (123)
[2020.01.23-18.31.19:372][203]LogModuleManager: Shutting down and abandoning module LinuxNoEditorTargetPlatform (121)
[2020.01.23-18.31.19:372][203]LogModuleManager: Shutting down and abandoning module LinuxClientTargetPlatform (119)
[2020.01.23-18.31.19:372][203]LogModuleManager: Shutting down and abandoning module TVOSTargetPlatform (117)
[2020.01.23-18.31.19:373][203]LogModuleManager: Shutting down and abandoning module Messaging (115)
[2020.01.23-18.31.19:373][203]LogModuleManager: Shutting down and abandoning module IOSTargetPlatform (113)
[2020.01.23-18.31.19:374][203]LogModuleManager: Shutting down and abandoning module HTML5TargetPlatform (111)
[2020.01.23-18.31.19:374][203]LogModuleManager: Shutting down and abandoning module AndroidTargetPlatform (109)
[2020.01.23-18.31.19:380][203]LogModuleManager: Shutting down and abandoning module WindowsTargetPlatform (107)
[2020.01.23-18.31.19:380][203]LogModuleManager: Shutting down and abandoning module WindowsServerTargetPlatform (105)
[2020.01.23-18.31.19:380][203]LogModuleManager: Shutting down and abandoning module WindowsNoEditorTargetPlatform (103)
[2020.01.23-18.31.19:380][203]LogModuleManager: Shutting down and abandoning module WindowsClientTargetPlatform (101)
[2020.01.23-18.31.19:380][203]LogModuleManager: Shutting down and abandoning module MacTargetPlatform (99)
[2020.01.23-18.31.19:380][203]LogModuleManager: Shutting down and abandoning module MacServerTargetPlatform (97)
[2020.01.23-18.31.19:380][203]LogModuleManager: Shutting down and abandoning module MacNoEditorTargetPlatform (95)
[2020.01.23-18.31.19:380][203]LogModuleManager: Shutting down and abandoning module MacClientTargetPlatform (93)
[2020.01.23-18.31.19:380][203]LogModuleManager: Shutting down and abandoning module AllDesktopTargetPlatform (91)
[2020.01.23-18.31.19:380][203]LogModuleManager: Shutting down and abandoning module InputCore (88)
[2020.01.23-18.31.19:380][203]LogModuleManager: Shutting down and abandoning module Settings (86)
[2020.01.23-18.31.19:380][203]LogModuleManager: Shutting down and abandoning module DirectoryWatcher (84)
[2020.01.23-18.31.19:380][203]LogModuleManager: Shutting down and abandoning module PhysXCooking (82)
[2020.01.23-18.31.19:380][203]LogModuleManager: Shutting down and abandoning module WindowsPlatformFeatures (80)
[2020.01.23-18.31.19:380][203]LogModuleManager: Shutting down and abandoning module GameplayMediaEncoder (79)
[2020.01.23-18.31.19:380][203]LogModuleManager: Shutting down and abandoning module OculusHMD (76)
[2020.01.23-18.31.19:380][203]LogModuleManager: Shutting down and abandoning module ExampleDeviceProfileSelector (74)
[2020.01.23-18.31.19:380][203]LogModuleManager: Shutting down and abandoning module LauncherChunkInstaller (72)
[2020.01.23-18.31.19:380][203]LogModuleManager: Shutting down and abandoning module OnlineBlueprintSupport (70)
[2020.01.23-18.31.19:380][203]LogModuleManager: Shutting down and abandoning module OnlineSubsystem (66)
[2020.01.23-18.31.19:381][203]LogModuleManager: Shutting down and abandoning module XMPP (61)
[2020.01.23-18.31.19:381][203]LogModuleManager: Shutting down and abandoning module WebSockets (60)
[2020.01.23-18.31.19:411][203]LogModuleManager: Shutting down and abandoning module HTTP (57)
[2020.01.23-18.31.19:411][203]LogHttp: Display: Http module shutting down, but needs to wait on 1 outstanding Http requests:
[2020.01.23-18.31.19:411][203]LogHttp: Display: 	verb=[POST] url=[https://datarouter.ol.epicgames.com/datarouter/api/v1/public/data?SessionID=%7BC7A00392-45E4-BF36-21A1-68896835B502%7D&AppID=UEEditor.Rocket.Release&AppVersion=4.23.1-9631420%2B%2B%2BUE4%2BRelease-4.23&UserID=fb02e718424abd9418da4cb0f1d14fbb%7C64ddc295b5474e028217748ef342bf8c%7Cc2218b66-5e8b-462c-8730-a5b620af35c6&AppEnvironment=datacollector-binary&UploadType=eteventstream] status=Processing
[2020.01.23-18.31.19:444][203]LogModuleManager: Shutting down and abandoning module SSL (56)
[2020.01.23-18.31.19:445][203]LogModuleManager: Shutting down and abandoning module WmfMedia (52)
[2020.01.23-18.31.19:447][203]LogModuleManager: Shutting down and abandoning module Media (51)
[2020.01.23-18.31.19:447][203]LogModuleManager: Shutting down and abandoning module MagicLeap (48)
[2020.01.23-18.31.19:447][203]LogModuleManager: Shutting down and abandoning module DatasmithContent (46)
[2020.01.23-18.31.19:448][203]LogModuleManager: Shutting down and abandoning module AISupportModule (44)
[2020.01.23-18.31.19:448][203]LogModuleManager: Shutting down and abandoning module PlatformCryptoOpenSSL (42)
[2020.01.23-18.31.19:448][203]LogModuleManager: Shutting down and abandoning module PlatformCrypto (40)
[2020.01.23-18.31.19:448][203]LogModuleManager: Shutting down and abandoning module AnimationModifiers (38)
[2020.01.23-18.31.19:448][203]LogModuleManager: Shutting down and abandoning module PropertyEditor (37)
[2020.01.23-18.31.19:448][203]LogModuleManager: Shutting down and abandoning module AudioEditor (34)
[2020.01.23-18.31.19:448][203]LogModuleManager: Shutting down and abandoning module TextureCompressor (32)
[2020.01.23-18.31.19:448][203]LogModuleManager: Shutting down and abandoning module RenderCore (30)
[2020.01.23-18.31.19:448][203]LogModuleManager: Shutting down and abandoning module Landscape (28)
[2020.01.23-18.31.19:448][203]LogModuleManager: Shutting down and abandoning module SlateRHIRenderer (26)
[2020.01.23-18.31.19:450][203]LogModuleManager: Shutting down and abandoning module OpenGLDrv (24)
[2020.01.23-18.31.19:450][203]LogModuleManager: Shutting down and abandoning module D3D11RHI (22)
[2020.01.23-18.31.19:450][203]LogModuleManager: Shutting down and abandoning module AnimGraphRuntime (20)
[2020.01.23-18.31.19:450][203]LogModuleManager: Shutting down and abandoning module Renderer (18)
[2020.01.23-18.31.19:450][203]LogModuleManager: Shutting down and abandoning module Engine (16)
[2020.01.23-18.31.19:450][203]LogModuleManager: Shutting down and abandoning module CoreUObject (14)
[2020.01.23-18.31.19:450][203]LogModuleManager: Shutting down and abandoning module NetworkFile (12)
[2020.01.23-18.31.19:450][203]LogModuleManager: Shutting down and abandoning module CookedIterativeFile (10)
[2020.01.23-18.31.19:450][203]LogModuleManager: Shutting down and abandoning module StreamingFile (8)
[2020.01.23-18.31.19:450][203]LogModuleManager: Shutting down and abandoning module SandboxFile (6)
[2020.01.23-18.31.19:450][203]LogModuleManager: Shutting down and abandoning module PakFile (4)
[2020.01.23-18.31.19:450][203]LogModuleManager: Shutting down and abandoning module RSA (3)
[2020.01.23-18.31.19:450][203]LogD3D11RHI: Shutdown
[2020.01.23-18.31.19:450][203]LogD3D11RHI: CleanupD3DDevice
[2020.01.23-18.31.19:451][203]LogRendererCore: FGlobalDynamicReadBuffer::Cleanup()
[2020.01.23-18.31.19:451][203]LogRendererCore: FGlobalDynamicReadBuffer::Cleanup()
[2020.01.23-18.31.19:451][203]LogRendererCore: FGlobalDynamicReadBuffer::Cleanup()
[2020.01.23-18.31.19:532][203]LogD3D11RHI: ~FD3D11DynamicRHI
[2020.01.23-18.31.19:548][203]LogExit: Exiting.
[2020.01.23-18.31.19:560][203]Log file closed, 01/23/20 19:31:19
